INFO: 2022-11-15 16:33:41,897: main() 'Using profile folder /home/riverside96/.config/variety/'
INFO: 2022-11-15 16:33:41,901: makedirs() 'Creating folder /home/riverside96/.config/variety/plugins'
INFO: 2022-11-15 16:33:41,901: prepare_config_folder() 'Missing set_wallpaper file, copying it from /usr/share/variety/scripts/set_wallpaper'
INFO: 2022-11-15 16:33:41,902: prepare_config_folder() 'Missing get_wallpaper file, copying it from /usr/share/variety/scripts/get_wallpaper'
INFO: 2022-11-15 16:33:41,902: perform_upgrade() 'Last run version was 0.4.12 or earlier, current version is 0.8.9'
INFO: 2022-11-15 16:33:42,001: perform_upgrade() 'Performing upgrade to 0.4.13'
INFO: 2022-11-15 16:33:42,003: perform_upgrade() 'Writing .variety_download_folder to current download folder /home/riverside96/.config/variety/Downloaded'
INFO: 2022-11-15 16:33:42,003: makedirs() 'Creating folder /home/riverside96/.config/variety/Downloaded'
INFO: 2022-11-15 16:33:42,003: perform_upgrade() 'Performing upgrade to 0.4.14'
INFO: 2022-11-15 16:33:42,003: perform_upgrade() 'Performing upgrade to 0.8.0'
INFO: 2022-11-15 16:33:42,006: perform_upgrade() 'Performing upgrade to 0.8.2'
INFO: 2022-11-15 16:33:42,009: perform_upgrade() 'Performing upgrade to 0.8.3'
INFO: 2022-11-15 16:33:42,012: write_current_version() 'Writing current version 0.8.9 to .version'
INFO: 2022-11-15 16:33:42,012: upgrade_script() 'Upgrading set_wallpaper file, copying it from /usr/share/variety/scripts/set_wallpaper'
INFO: 2022-11-15 16:33:42,012: upgrade_script() 'Old script file is preserved as /home/riverside96/.config/variety/scripts/set_wallpaper_before_0.8.9'
INFO: 2022-11-15 16:33:42,012: upgrade_script() 'Upgrading get_wallpaper file, copying it from /usr/share/variety/scripts/get_wallpaper'
INFO: 2022-11-15 16:33:42,012: upgrade_script() 'Old script file is preserved as /home/riverside96/.config/variety/scripts/get_wallpaper_before_0.8.9'
INFO: 2022-11-15 16:33:42,019: perform_upgrade() 'Updating Variety autostart desktop entry'
INFO: 2022-11-15 16:33:42,020: process_command() 'Received command: []'
INFO: 2022-11-15 16:33:42,022: start() 'Using data_path /usr/share/variety'
INFO: 2022-11-15 16:33:42,022: load() 'Jumble loading'
INFO: 2022-11-15 16:33:42,022: _walk_modules() 'Jumble loading module in __init__ from /usr/lib/python3.10/site-packages/variety/plugins/builtin/__init__.py'
INFO: 2022-11-15 16:33:42,023: _walk_modules() 'Jumble loading module in GnomeDisplayModesPlugin from /usr/lib/python3.10/site-packages/variety/plugins/builtin/display_modes/GnomeDisplayModesPlugin.py'
INFO: 2022-11-15 16:33:42,023: load() 'Jumble found plugin class: <class 'GnomeDisplayModesPlugin.GnomeDisplayModesPlugin'>: {'name': 'GnomeDisplayModesPlugin', 'description': 'Display modes relying on the underlying desktop environment', 'version': '1.0', 'author': 'Peter Levi'}'
INFO: 2022-11-15 16:33:42,023: _walk_modules() 'Jumble loading module in LegacyDisplayModesPlugin from /usr/lib/python3.10/site-packages/variety/plugins/builtin/display_modes/LegacyDisplayModesPlugin.py'
INFO: 2022-11-15 16:33:42,024: load() 'Jumble found plugin class: <class 'LegacyDisplayModesPlugin.LegacyDisplayModesPlugin'>: {'name': 'LegacyDisplayModesPlugin', 'description': 'Legacy display mode for compatibility with past Variety versions', 'version': '1.0', 'author': 'Peter Levi'}'
INFO: 2022-11-15 16:33:42,024: _walk_modules() 'Jumble loading module in ResizingDisplayModesPlugin from /usr/lib/python3.10/site-packages/variety/plugins/builtin/display_modes/ResizingDisplayModesPlugin.py'
INFO: 2022-11-15 16:33:42,025: load() 'Jumble found plugin class: <class 'ResizingDisplayModesPlugin.ResizingDisplayModesPlugin'>: {'name': 'ResizingDisplayModesPlugin', 'description': 'Display modes that use image resizing within Variety', 'version': '1.0', 'author': 'Peter Levi'}'
INFO: 2022-11-15 16:33:42,025: _walk_modules() 'Jumble loading module in __init__ from /usr/lib/python3.10/site-packages/variety/plugins/builtin/display_modes/__init__.py'
INFO: 2022-11-15 16:33:42,026: _walk_modules() 'Jumble loading module in APODDownloader from /usr/lib/python3.10/site-packages/variety/plugins/builtin/downloaders/APODDownloader.py'
INFO: 2022-11-15 16:33:42,026: load() 'Jumble found plugin class: <class 'APODDownloader.APODDownloader'>: {'name': 'APODDownloader', 'description': 'NASA Astro Pic of the Day', 'author': 'Peter Levi', 'version': '0.1'}'
INFO: 2022-11-15 16:33:42,027: _walk_modules() 'Jumble loading module in ArtStationDownloader from /usr/lib/python3.10/site-packages/variety/plugins/builtin/downloaders/ArtStationDownloader.py'
INFO: 2022-11-15 16:33:42,027: _walk_modules() 'Jumble loading module in ArtStationSource from /usr/lib/python3.10/site-packages/variety/plugins/builtin/downloaders/ArtStationSource.py'
INFO: 2022-11-15 16:33:42,029: load() 'Jumble found plugin class: <class 'ArtStationSource.ArtStationSource'>: {'name': 'ArtStationSource', 'description': 'Configurable source for fetching images from ArtStation', 'author': 'Denis Gordeev', 'version': '0.1'}'
INFO: 2022-11-15 16:33:42,029: _walk_modules() 'Jumble loading module in BingDownloader from /usr/lib/python3.10/site-packages/variety/plugins/builtin/downloaders/BingDownloader.py'
INFO: 2022-11-15 16:33:42,030: load() 'Jumble found plugin class: <class 'BingDownloader.BingDownloader'>: {'name': 'BingDownloader', 'description': 'Bing Photo of the Day', 'author': 'Peter Levi', 'version': '0.1'}'
INFO: 2022-11-15 16:33:42,030: _walk_modules() 'Jumble loading module in EarthviewDownloader from /usr/lib/python3.10/site-packages/variety/plugins/builtin/downloaders/EarthviewDownloader.py'
INFO: 2022-11-15 16:33:42,031: load() 'Jumble found plugin class: <class 'EarthviewDownloader.EarthviewDownloader'>: {'name': 'EarthviewDownloader', 'description': 'Google Earth View Wallpapers', 'author': 'Peter Levi', 'version': '0.1'}'
INFO: 2022-11-15 16:33:42,031: _walk_modules() 'Jumble loading module in MediaRSSDownloader from /usr/lib/python3.10/site-packages/variety/plugins/builtin/downloaders/MediaRSSDownloader.py'
INFO: 2022-11-15 16:33:42,032: _walk_modules() 'Jumble loading module in MediaRSSSource from /usr/lib/python3.10/site-packages/variety/plugins/builtin/downloaders/MediaRSSSource.py'
INFO: 2022-11-15 16:33:42,033: load() 'Jumble found plugin class: <class 'MediaRSSSource.MediaRSSSource'>: {'name': 'MediaRSSSource', 'description': 'Configurable source for fetching images from MediaRSS feeds', 'author': 'Peter Levi', 'version': '0.1'}'
INFO: 2022-11-15 16:33:42,033: _walk_modules() 'Jumble loading module in NationalGeographicDownloader from /usr/lib/python3.10/site-packages/variety/plugins/builtin/downloaders/NationalGeographicDownloader.py'
INFO: 2022-11-15 16:33:42,033: load() 'Jumble found plugin class: <class 'NationalGeographicDownloader.NationalGeographicDownloader'>: {'name': 'NationalGeographicDownloader', 'description': "National Geographic's photo of the day", 'author': 'Eric Rösch', 'version': '0.1'}'
INFO: 2022-11-15 16:33:42,034: _walk_modules() 'Jumble loading module in RedditDownloader from /usr/lib/python3.10/site-packages/variety/plugins/builtin/downloaders/RedditDownloader.py'
INFO: 2022-11-15 16:33:42,034: _walk_modules() 'Jumble loading module in RedditSource from /usr/lib/python3.10/site-packages/variety/plugins/builtin/downloaders/RedditSource.py'
INFO: 2022-11-15 16:33:42,035: load() 'Jumble found plugin class: <class 'RedditSource.RedditSource'>: {'name': 'RedditSource', 'description': 'Configurable source for fetching images from Reddit', 'author': 'Peter Levi', 'version': '0.1'}'
INFO: 2022-11-15 16:33:42,035: _walk_modules() 'Jumble loading module in UnsplashConfigurableSource from /usr/lib/python3.10/site-packages/variety/plugins/builtin/downloaders/UnsplashConfigurableSource.py'
INFO: 2022-11-15 16:33:42,037: load() 'Jumble found plugin class: <class 'UnsplashConfigurableSource.UnsplashConfigurableSource'>: {'name': 'UnsplashConfigurableSource', 'description': 'Configurable source for fetching photos from Unsplash.com', 'author': 'Peter Levi', 'version': '0.1'}'
INFO: 2022-11-15 16:33:42,037: _walk_modules() 'Jumble loading module in UnsplashDownloader from /usr/lib/python3.10/site-packages/variety/plugins/builtin/downloaders/UnsplashDownloader.py'
INFO: 2022-11-15 16:33:42,037: load() 'Jumble found plugin class: <class 'UnsplashDownloader.UnsplashDownloader'>: {'name': 'UnsplashDownloader', 'description': 'High-resolution photos from Unsplash.com', 'author': 'Peter Levi', 'version': '0.1'}'
INFO: 2022-11-15 16:33:42,038: _walk_modules() 'Jumble loading module in WallhavenDownloader from /usr/lib/python3.10/site-packages/variety/plugins/builtin/downloaders/WallhavenDownloader.py'
INFO: 2022-11-15 16:33:42,039: _walk_modules() 'Jumble loading module in WallhavenLegacyDownloader from /usr/lib/python3.10/site-packages/variety/plugins/builtin/downloaders/WallhavenLegacyDownloader.py'
INFO: 2022-11-15 16:33:42,040: _walk_modules() 'Jumble loading module in WallhavenSource from /usr/lib/python3.10/site-packages/variety/plugins/builtin/downloaders/WallhavenSource.py'
INFO: 2022-11-15 16:33:42,040: load() 'Jumble found plugin class: <class 'WallhavenSource.WallhavenSource'>: {'name': 'WallhavenSource', 'description': 'Configurable source for fetching images from Wallhaven.cc', 'author': 'Peter Levi', 'version': '0.1'}'
INFO: 2022-11-15 16:33:42,041: _walk_modules() 'Jumble loading module in __init__ from /usr/lib/python3.10/site-packages/variety/plugins/builtin/downloaders/__init__.py'
INFO: 2022-11-15 16:33:42,041: _walk_modules() 'Jumble loading module in FortuneSource from /usr/lib/python3.10/site-packages/variety/plugins/builtin/quotes/FortuneSource.py'
INFO: 2022-11-15 16:33:42,042: load() 'Jumble found plugin class: <class 'FortuneSource.FortuneSource'>: {'name': 'UNIX fortune program', 'description': 'Displays quotes using the UNIX fortune program. You may want to install additional fortune packs, e.g. fortunes-bofh-excuses.', 'author': 'Dan Jones', 'version': '0.1'}'
INFO: 2022-11-15 16:33:42,042: _walk_modules() 'Jumble loading module in GoodreadsSource from /usr/lib/python3.10/site-packages/variety/plugins/builtin/quotes/GoodreadsSource.py'
INFO: 2022-11-15 16:33:42,047: load() 'Jumble found plugin class: <class 'GoodreadsSource.GoodreadsSource'>: {'name': 'Goodreads', 'description': 'Fetches quotes from Goodreads.com', 'author': 'Peter Levi', 'version': '0.1'}'
INFO: 2022-11-15 16:33:42,048: _walk_modules() 'Jumble loading module in LocalFilesSource from /usr/lib/python3.10/site-packages/variety/plugins/builtin/quotes/LocalFilesSource.py'
INFO: 2022-11-15 16:33:42,048: load() 'Jumble found plugin class: <class 'LocalFilesSource.LocalFilesSource'>: {'name': 'Local text files', 'description': 'Displays quotes, defined in local text files.\nPut your own txt files in: ~/.config/variety/pluginconfig/quotes/.\nThe file format is:\n\nquote -- author\n.\nsecond quote -- another author\n.\netc...\n\nExample: http://rvelthuis.de/zips/quotes.txt', 'author': 'Peter Levi', 'version': '0.1'}'
INFO: 2022-11-15 16:33:42,049: _walk_modules() 'Jumble loading module in QuotationsPageSource from /usr/lib/python3.10/site-packages/variety/plugins/builtin/quotes/QuotationsPageSource.py'
INFO: 2022-11-15 16:33:42,049: load() 'Jumble found plugin class: <class 'QuotationsPageSource.QuotationsPageSource'>: {'name': 'TheQuotationsPage.com', 'description': 'Fetches quotes from TheQuotationsPage.com', 'author': 'Peter Levi', 'version': '0.1'}'
INFO: 2022-11-15 16:33:42,049: _walk_modules() 'Jumble loading module in UrbanDictionarySource from /usr/lib/python3.10/site-packages/variety/plugins/builtin/quotes/UrbanDictionarySource.py'
INFO: 2022-11-15 16:33:42,050: load() 'Jumble found plugin class: <class 'UrbanDictionarySource.UrbanDictionarySource'>: {'name': 'Urban Dictionary', 'description': 'Displays definitions from Urban Dictionary', 'author': 'James Miller', 'version': '0.1'}'
INFO: 2022-11-15 16:33:42,050: _walk_modules() 'Jumble loading module in __init__ from /usr/lib/python3.10/site-packages/variety/plugins/builtin/quotes/__init__.py'
INFO: 2022-11-15 16:33:42,050: makedirs() 'Creating folder /home/riverside96/.config/variety/pluginconfig/downloaders'
INFO: 2022-11-15 16:33:42,061: makedirs() 'Creating folder /home/riverside96/.config/variety/Favorites'
INFO: 2022-11-15 16:33:42,061: makedirs() 'Creating folder /home/riverside96/.config/variety/Fetched'
INFO: 2022-11-15 16:33:42,062: log_options() 'Loaded options:'
INFO: 2022-11-15 16:33:42,062: log_options() 'change_enabled = False'
INFO: 2022-11-15 16:33:42,062: log_options() 'change_interval = 300'
INFO: 2022-11-15 16:33:42,062: log_options() 'change_on_start = False'
INFO: 2022-11-15 16:33:42,062: log_options() 'clipboard_enabled = False'
INFO: 2022-11-15 16:33:42,062: log_options() 'clipboard_hosts = ['wallhaven.cc', 'wallpapers.net', 'flickr.com', 'imgur.com', 'deviantart.com', 'interfacelift.com', 'vladstudio.com', 'imageshack.us', 'deviantart.net', 'imageshack.com']'
INFO: 2022-11-15 16:33:42,062: log_options() 'clipboard_use_whitelist = True'
INFO: 2022-11-15 16:33:42,062: log_options() 'clock_date_font = Serif 30'
INFO: 2022-11-15 16:33:42,062: log_options() 'clock_enabled = False'
INFO: 2022-11-15 16:33:42,062: log_options() 'clock_filter = -density 100 -font `fc-match -f '%{file[0]}' '%CLOCK_FONT_NAME'` -pointsize %CLOCK_FONT_SIZE -gravity SouthEast -fill '#00000044' -annotate 0x0+[%HOFFSET+58]+[%VOFFSET+108] '%H:%M' -fill white -annotate 0x0+[%HOFFSET+60]+[%VOFFSET+110] '%H:%M' -font `fc-match -f '%{file[0]}' '%DATE_FONT_NAME'` -pointsize %DATE_FONT_SIZE -fill '#00000044' -annotate 0x0+[%HOFFSET+58]+[%VOFFSET+58] '%A, %B %d' -fill white -annotate 0x0+[%HOFFSET+60]+[%VOFFSET+60] '%A, %B %d''
INFO: 2022-11-15 16:33:42,062: log_options() 'clock_font = Serif 70'
INFO: 2022-11-15 16:33:42,062: log_options() 'configfile = /home/riverside96/.config/variety/variety.conf'
INFO: 2022-11-15 16:33:42,062: log_options() 'copyto_enabled = False'
INFO: 2022-11-15 16:33:42,062: log_options() 'copyto_folder = Default'
INFO: 2022-11-15 16:33:42,062: log_options() 'desired_color = [160, 160, 160]'
INFO: 2022-11-15 16:33:42,062: log_options() 'desired_color_enabled = False'
INFO: 2022-11-15 16:33:42,062: log_options() 'download_folder = /home/riverside96/.config/variety/Downloaded'
INFO: 2022-11-15 16:33:42,062: log_options() 'download_preference_ratio = 0.9'
INFO: 2022-11-15 16:33:42,062: log_options() 'favorites_folder = /home/riverside96/.config/variety/Favorites'
INFO: 2022-11-15 16:33:42,062: log_options() 'favorites_operations = [['Downloaded', 'Copy'], ['Fetched', 'Move'], ['Others', 'Copy']]'
INFO: 2022-11-15 16:33:42,063: log_options() 'fetched_folder = /home/riverside96/.config/variety/Fetched'
INFO: 2022-11-15 16:33:42,063: log_options() 'filters = [[False, 'Keep original', ''], [False, 'Grayscale', '-type Grayscale'], [False, 'Heavy blur', '-scale 20% -blur 0x10 -resize 500%'], [False, 'Soft blur', '-scale 20% -blur 0x2 -resize 500%'], [False, 'Oil painting', '-paint 8'], [False, 'Pointilism', '-spread 10 -noise 3'], [False, 'Pixellate', '-scale 3% -scale 3333%']]'
INFO: 2022-11-15 16:33:42,063: log_options() 'get_wallpaper_script = /home/riverside96/.config/variety/scripts/get_wallpaper_arco'
INFO: 2022-11-15 16:33:42,063: log_options() 'icon = Light'
INFO: 2022-11-15 16:33:42,063: log_options() 'internet_enabled = True'
INFO: 2022-11-15 16:33:42,063: log_options() 'lightness_enabled = False'
INFO: 2022-11-15 16:33:42,063: log_options() 'lightness_mode = 0'
INFO: 2022-11-15 16:33:42,063: log_options() 'min_rating = 4'
INFO: 2022-11-15 16:33:42,063: log_options() 'min_rating_enabled = False'
INFO: 2022-11-15 16:33:42,063: log_options() 'min_size = 80'
INFO: 2022-11-15 16:33:42,063: log_options() 'min_size_enabled = True'
INFO: 2022-11-15 16:33:42,063: log_options() 'quota_enabled = True'
INFO: 2022-11-15 16:33:42,063: log_options() 'quota_size = 1000'
INFO: 2022-11-15 16:33:42,063: log_options() 'quotes_authors = '
INFO: 2022-11-15 16:33:42,063: log_options() 'quotes_bg_color = [80, 80, 80]'
INFO: 2022-11-15 16:33:42,063: log_options() 'quotes_bg_opacity = 55'
INFO: 2022-11-15 16:33:42,063: log_options() 'quotes_change_enabled = False'
INFO: 2022-11-15 16:33:42,063: log_options() 'quotes_change_interval = 300'
INFO: 2022-11-15 16:33:42,063: log_options() 'quotes_disabled_sources = ['Urban Dictionary']'
INFO: 2022-11-15 16:33:42,063: log_options() 'quotes_enabled = False'
INFO: 2022-11-15 16:33:42,063: log_options() 'quotes_favorites_file = /home/riverside96/.config/variety/favorite_quotes.txt'
INFO: 2022-11-15 16:33:42,063: log_options() 'quotes_font = Serif 30'
INFO: 2022-11-15 16:33:42,063: log_options() 'quotes_hpos = 100'
INFO: 2022-11-15 16:33:42,063: log_options() 'quotes_max_length = 250'
INFO: 2022-11-15 16:33:42,063: log_options() 'quotes_tags = '
INFO: 2022-11-15 16:33:42,063: log_options() 'quotes_text_color = [255, 255, 255]'
INFO: 2022-11-15 16:33:42,063: log_options() 'quotes_text_shadow = False'
INFO: 2022-11-15 16:33:42,063: log_options() 'quotes_vpos = 40'
INFO: 2022-11-15 16:33:42,063: log_options() 'quotes_width = 70'
INFO: 2022-11-15 16:33:42,063: log_options() 'safe_mode = False'
INFO: 2022-11-15 16:33:42,063: log_options() 'set_wallpaper_script = /home/riverside96/.config/variety/scripts/set_wallpaper_arco'
INFO: 2022-11-15 16:33:42,063: log_options() 'slideshow_custom_enabled = False'
INFO: 2022-11-15 16:33:42,063: log_options() 'slideshow_custom_folder = /home/riverside96/Pictures'
INFO: 2022-11-15 16:33:42,063: log_options() 'slideshow_downloads_enabled = False'
INFO: 2022-11-15 16:33:42,063: log_options() 'slideshow_fade = 0.4'
INFO: 2022-11-15 16:33:42,063: log_options() 'slideshow_favorites_enabled = True'
INFO: 2022-11-15 16:33:42,063: log_options() 'slideshow_mode = Fullscreen'
INFO: 2022-11-15 16:33:42,063: log_options() 'slideshow_monitor = All'
INFO: 2022-11-15 16:33:42,064: log_options() 'slideshow_pan = 0.05'
INFO: 2022-11-15 16:33:42,064: log_options() 'slideshow_seconds = 6.0'
INFO: 2022-11-15 16:33:42,064: log_options() 'slideshow_sort_order = Random'
INFO: 2022-11-15 16:33:42,064: log_options() 'slideshow_sources_enabled = True'
INFO: 2022-11-15 16:33:42,064: log_options() 'slideshow_zoom = 0.2'
INFO: 2022-11-15 16:33:42,064: log_options() 'smart_enabled = False'
INFO: 2022-11-15 16:33:42,064: log_options() 'smart_notice_shown = False'
INFO: 2022-11-15 16:33:42,064: log_options() 'smart_register_shown = False'
INFO: 2022-11-15 16:33:42,064: log_options() 'sources = [[True, 'favorites', 'The Favorites folder'], [False, 'fetched', 'The Fetched folder'], [True, 'folder', '/usr/share/backgrounds'], [False, 'flickr', 'user:www.flickr.com/photos/peter-levi/;user_id:93647178@N00;'], [False, 'apod', "NASA's Astronomy Picture of the Day"], [False, 'bing', 'Bing Photo of the Day'], [False, 'earthview', 'Google Earth View Wallpapers'], [False, 'natgeo', "National Geographic's photo of the day"], [False, 'unsplash', 'High-resolution photos from Unsplash.com']]'
INFO: 2022-11-15 16:33:42,064: log_options() 'stats_enabled = True'
INFO: 2022-11-15 16:33:42,064: log_options() 'stats_notice_shown = False'
INFO: 2022-11-15 16:33:42,064: log_options() 'sync_enabled = True'
INFO: 2022-11-15 16:33:42,064: log_options() 'use_landscape_enabled = True'
INFO: 2022-11-15 16:33:42,064: log_options() 'wallhaven_api_key = '
INFO: 2022-11-15 16:33:42,064: log_options() 'wallpaper_auto_rotate = True'
INFO: 2022-11-15 16:33:42,064: log_options() 'wallpaper_display_mode = os'
INFO: 2022-11-15 16:33:42,064: reload_config() 'No need to clear prepared queue'
INFO: 2022-11-15 16:33:42,064: update_indicator() 'Setting file info to: /usr/share/backgrounds/arcolinux/arco-wallpaper.jpg'
INFO: 2022-11-15 16:33:42,065: load_banned() 'Missing or invalid banned URLs list, no URLs will be banned'
INFO: 2022-11-15 16:33:42,065: load_last_change_time() 'Change interval < 6 hours, ignore persisted last_change_time, wait initially the whole interval: 300'
INFO: 2022-11-15 16:33:42,065: update_indicator() 'Setting file info to: /usr/share/backgrounds/arcolinux/arco-wallpaper.jpg'
INFO: 2022-11-15 16:33:42,066: regular_change_thread() 'regular_change thread running'
INFO: 2022-11-15 16:33:42,066: regular_change_thread() 'regular_change: waiting till user resumes'
INFO: 2022-11-15 16:33:42,066: prepare_thread() 'Prepare thread running'
INFO: 2022-11-15 16:33:42,066: prepare_thread() 'Prepared buffer contains 0 images'
INFO: 2022-11-15 16:33:42,066: prepare_thread() 'Preparing some images'
INFO: 2022-11-15 16:33:42,067: update_indicator_icon() 'Creating indicator'
WARNING: 2022-11-15 16:33:42,073: create_menu() 'Variety Slideshow is not installed. This is an optional extension adding pan-and-zoom slideshows to Variety: see https://github.com/peterlevi/variety-slideshow for details'
INFO: 2022-11-15 16:33:42,073: create_indicator() 'indicator backend: AppIndicator3'
INFO: 2022-11-15 16:33:42,091: set_from_theme_icon() 'Showing indicator icon variety-indicator from GTK theme'
INFO: 2022-11-15 16:33:42,165: do_set_wp() 'Calling do_set_wp with /usr/share/backgrounds/arcolinux/arco-wallpaper.jpg, time: 1668530022.1659203'
INFO: 2022-11-15 16:33:42,166: apply_auto_rotate() 'ImageMagick auto-rotate cmd: convert /usr/share/backgrounds/arcolinux/arco-wallpaper.jpg -auto-orient /home/riverside96/.config/variety/wallpaper/wallpaper-auto-rotated-7fae8870c75ed7fc11202b5339d1c30c.jpg'
INFO: 2022-11-15 16:33:42,214: prepare_thread() 'After search prepared buffer contains 2 images'
INFO: 2022-11-15 16:33:42,428: update_indicator() 'Setting file info to: /usr/share/backgrounds/arcolinux/arco-wallpaper.jpg'
INFO: 2022-11-15 16:33:43,413: reload() 'Reloading preferences dialog'
INFO: 2022-11-15 16:33:44,215: trigger_download() 'Triggering download thread to check if download needed and possible'
INFO: 2022-11-15 16:33:54,310: process_command() 'Received command: ['--preferences']'
INFO: 2022-11-15 16:33:54,313: reload() 'Reloading preferences dialog'
INFO: 2022-11-15 16:33:58,862: apply() 'Applying preferences'
INFO: 2022-11-15 16:33:58,873: log_options() 'Loaded options:'
INFO: 2022-11-15 16:33:58,873: log_options() 'change_enabled = False'
INFO: 2022-11-15 16:33:58,873: log_options() 'change_interval = 300'
INFO: 2022-11-15 16:33:58,873: log_options() 'change_on_start = False'
INFO: 2022-11-15 16:33:58,873: set_visible() 'Showing indicator icon'
INFO: 2022-11-15 16:33:58,873: log_options() 'clipboard_enabled = False'
INFO: 2022-11-15 16:33:58,873: set_from_theme_icon() 'Showing indicator icon variety-indicator from GTK theme'
INFO: 2022-11-15 16:33:58,873: log_options() 'clipboard_hosts = ['wallhaven.cc', 'wallpapers.net', 'flickr.com', 'imgur.com', 'deviantart.com', 'interfacelift.com', 'vladstudio.com', 'imageshack.us', 'deviantart.net', 'imageshack.com']'
INFO: 2022-11-15 16:33:58,873: log_options() 'clipboard_use_whitelist = True'
INFO: 2022-11-15 16:33:58,873: log_options() 'clock_date_font = Serif 30'
INFO: 2022-11-15 16:33:58,873: log_options() 'clock_enabled = False'
INFO: 2022-11-15 16:33:58,873: log_options() 'clock_filter = -density 100 -font `fc-match -f '%{file[0]}' '%CLOCK_FONT_NAME'` -pointsize %CLOCK_FONT_SIZE -gravity SouthEast -fill '#00000044' -annotate 0x0+[%HOFFSET+58]+[%VOFFSET+108] '%H:%M' -fill white -annotate 0x0+[%HOFFSET+60]+[%VOFFSET+110] '%H:%M' -font `fc-match -f '%{file[0]}' '%DATE_FONT_NAME'` -pointsize %DATE_FONT_SIZE -fill '#00000044' -annotate 0x0+[%HOFFSET+58]+[%VOFFSET+58] '%A, %B %d' -fill white -annotate 0x0+[%HOFFSET+60]+[%VOFFSET+60] '%A, %B %d''
INFO: 2022-11-15 16:33:58,874: log_options() 'clock_font = Serif 70'
INFO: 2022-11-15 16:33:58,874: log_options() 'configfile = /home/riverside96/.config/variety/variety.conf'
INFO: 2022-11-15 16:33:58,874: log_options() 'copyto_enabled = False'
INFO: 2022-11-15 16:33:58,874: log_options() 'copyto_folder = Default'
INFO: 2022-11-15 16:33:58,874: log_options() 'desired_color = [160, 160, 160]'
INFO: 2022-11-15 16:33:58,874: log_options() 'desired_color_enabled = False'
INFO: 2022-11-15 16:33:58,874: log_options() 'download_folder = /home/riverside96/.config/variety/Downloaded'
INFO: 2022-11-15 16:33:58,874: log_options() 'download_preference_ratio = 0.9'
INFO: 2022-11-15 16:33:58,874: log_options() 'favorites_folder = /home/riverside96/.config/variety/Favorites'
INFO: 2022-11-15 16:33:58,874: log_options() 'favorites_operations = [['Downloaded', 'Copy'], ['Fetched', 'Move'], ['Others', 'Copy']]'
INFO: 2022-11-15 16:33:58,874: log_options() 'fetched_folder = /home/riverside96/.config/variety/Fetched'
INFO: 2022-11-15 16:33:58,874: log_options() 'filters = [[False, 'Keep original', ''], [False, 'Grayscale', '-type Grayscale'], [False, 'Heavy blur', '-scale 20% -blur 0x10 -resize 500%'], [False, 'Soft blur', '-scale 20% -blur 0x2 -resize 500%'], [False, 'Oil painting', '-paint 8'], [False, 'Pointilism', '-spread 10 -noise 3'], [False, 'Pixellate', '-scale 3% -scale 3333%']]'
INFO: 2022-11-15 16:33:58,874: log_options() 'get_wallpaper_script = /home/riverside96/.config/variety/scripts/get_wallpaper_arco'
INFO: 2022-11-15 16:33:58,874: log_options() 'icon = Light'
INFO: 2022-11-15 16:33:58,874: log_options() 'internet_enabled = True'
INFO: 2022-11-15 16:33:58,874: log_options() 'lightness_enabled = False'
INFO: 2022-11-15 16:33:58,874: log_options() 'lightness_mode = 0'
INFO: 2022-11-15 16:33:58,874: log_options() 'min_rating = 4'
INFO: 2022-11-15 16:33:58,874: log_options() 'min_rating_enabled = False'
INFO: 2022-11-15 16:33:58,874: log_options() 'min_size = 80'
INFO: 2022-11-15 16:33:58,874: log_options() 'min_size_enabled = True'
INFO: 2022-11-15 16:33:58,874: log_options() 'quota_enabled = True'
INFO: 2022-11-15 16:33:58,874: log_options() 'quota_size = 1000'
INFO: 2022-11-15 16:33:58,874: log_options() 'quotes_authors = '
INFO: 2022-11-15 16:33:58,875: log_options() 'quotes_bg_color = [80, 80, 80]'
INFO: 2022-11-15 16:33:58,875: log_options() 'quotes_bg_opacity = 55'
INFO: 2022-11-15 16:33:58,875: log_options() 'quotes_change_enabled = False'
INFO: 2022-11-15 16:33:58,875: log_options() 'quotes_change_interval = 300'
INFO: 2022-11-15 16:33:58,875: log_options() 'quotes_disabled_sources = ['Urban Dictionary']'
INFO: 2022-11-15 16:33:58,875: log_options() 'quotes_enabled = False'
INFO: 2022-11-15 16:33:58,875: log_options() 'quotes_favorites_file = /home/riverside96/.config/variety/favorite_quotes.txt'
INFO: 2022-11-15 16:33:58,875: log_options() 'quotes_font = Serif 30'
INFO: 2022-11-15 16:33:58,875: log_options() 'quotes_hpos = 100'
INFO: 2022-11-15 16:33:58,875: log_options() 'quotes_max_length = 250'
INFO: 2022-11-15 16:33:58,875: log_options() 'quotes_tags = '
INFO: 2022-11-15 16:33:58,875: log_options() 'quotes_text_color = [255, 255, 255]'
INFO: 2022-11-15 16:33:58,875: log_options() 'quotes_text_shadow = False'
INFO: 2022-11-15 16:33:58,875: log_options() 'quotes_vpos = 40'
INFO: 2022-11-15 16:33:58,875: log_options() 'quotes_width = 70'
INFO: 2022-11-15 16:33:58,875: log_options() 'safe_mode = False'
INFO: 2022-11-15 16:33:58,875: log_options() 'set_wallpaper_script = /home/riverside96/.config/variety/scripts/set_wallpaper_arco'
INFO: 2022-11-15 16:33:58,875: log_options() 'slideshow_custom_enabled = False'
INFO: 2022-11-15 16:33:58,875: log_options() 'slideshow_custom_folder = /home/riverside96/Pictures'
INFO: 2022-11-15 16:33:58,875: log_options() 'slideshow_downloads_enabled = False'
INFO: 2022-11-15 16:33:58,875: log_options() 'slideshow_fade = 0.4'
INFO: 2022-11-15 16:33:58,875: log_options() 'slideshow_favorites_enabled = True'
INFO: 2022-11-15 16:33:58,875: log_options() 'slideshow_mode = Fullscreen'
INFO: 2022-11-15 16:33:58,875: log_options() 'slideshow_monitor = All'
INFO: 2022-11-15 16:33:58,875: log_options() 'slideshow_pan = 0.05'
INFO: 2022-11-15 16:33:58,876: log_options() 'slideshow_seconds = 6.0'
INFO: 2022-11-15 16:33:58,876: log_options() 'slideshow_sort_order = Random'
INFO: 2022-11-15 16:33:58,876: log_options() 'slideshow_sources_enabled = True'
INFO: 2022-11-15 16:33:58,876: log_options() 'slideshow_zoom = 0.2'
INFO: 2022-11-15 16:33:58,876: log_options() 'smart_enabled = False'
INFO: 2022-11-15 16:33:58,876: log_options() 'smart_notice_shown = False'
INFO: 2022-11-15 16:33:58,876: log_options() 'smart_register_shown = False'
INFO: 2022-11-15 16:33:58,876: log_options() 'sources = [[True, 'favorites', 'The Favorites folder'], [False, 'fetched', 'The Fetched folder'], [False, 'folder', '/usr/share/backgrounds'], [False, 'flickr', 'user:www.flickr.com/photos/peter-levi/;user_id:93647178@N00;'], [False, 'apod', "NASA's Astronomy Picture of the Day"], [False, 'bing', 'Bing Photo of the Day'], [False, 'earthview', 'Google Earth View Wallpapers'], [False, 'natgeo', "National Geographic's photo of the day"], [False, 'unsplash', 'High-resolution photos from Unsplash.com']]'
INFO: 2022-11-15 16:33:58,876: log_options() 'stats_enabled = True'
INFO: 2022-11-15 16:33:58,876: log_options() 'stats_notice_shown = False'
INFO: 2022-11-15 16:33:58,876: log_options() 'sync_enabled = True'
INFO: 2022-11-15 16:33:58,876: log_options() 'use_landscape_enabled = True'
INFO: 2022-11-15 16:33:58,876: log_options() 'wallhaven_api_key = '
INFO: 2022-11-15 16:33:58,876: log_options() 'wallpaper_auto_rotate = True'
INFO: 2022-11-15 16:33:58,876: log_options() 'wallpaper_display_mode = os'
INFO: 2022-11-15 16:33:58,876: clear_prepared_queue() 'Clearing prepared queue'
INFO: 2022-11-15 16:33:58,876: update_indicator() 'Setting file info to: /usr/share/backgrounds/arcolinux/arco-wallpaper.jpg'
INFO: 2022-11-15 16:33:58,876: prepare_thread() 'Prepared buffer contains 0 images'
INFO: 2022-11-15 16:33:58,877: prepare_thread() 'Preparing some images'
INFO: 2022-11-15 16:33:58,877: prepare_thread() 'After search prepared buffer contains 0 images'
INFO: 2022-11-15 16:33:58,879: regular_change_thread() 'regular_change: waiting till user resumes'
INFO: 2022-11-15 16:33:58,880: prepare_thread() 'Prepared buffer contains 0 images'
INFO: 2022-11-15 16:33:58,880: prepare_thread() 'Preparing some images'
INFO: 2022-11-15 16:33:58,881: prepare_thread() 'After search prepared buffer contains 0 images'
INFO: 2022-11-15 16:33:58,979: do_set_wp() 'Calling do_set_wp with /usr/share/backgrounds/arcolinux/arco-wallpaper.jpg, time: 1668530038.9790728'
INFO: 2022-11-15 16:33:58,979: apply_auto_rotate() 'ImageMagick auto-rotate cmd: convert /usr/share/backgrounds/arcolinux/arco-wallpaper.jpg -auto-orient /home/riverside96/.config/variety/wallpaper/wallpaper-auto-rotated-cec16ab1ea99ae6e00213d2f8163a157.jpg'
INFO: 2022-11-15 16:33:59,327: update_indicator() 'Setting file info to: /usr/share/backgrounds/arcolinux/arco-wallpaper.jpg'
INFO: 2022-11-15 16:34:00,879: trigger_download() 'Triggering download thread to check if download needed and possible'
INFO: 2022-11-15 16:34:00,881: trigger_download() 'Triggering download thread to check if download needed and possible'
INFO: 2022-11-15 16:34:01,770: apply() 'Applying preferences'
INFO: 2022-11-15 16:34:01,777: set_visible() 'Showing indicator icon'
INFO: 2022-11-15 16:34:01,777: set_from_theme_icon() 'Showing indicator icon variety-indicator from GTK theme'
INFO: 2022-11-15 16:34:01,778: log_options() 'Loaded options:'
INFO: 2022-11-15 16:34:01,778: log_options() 'change_enabled = False'
INFO: 2022-11-15 16:34:01,778: log_options() 'change_interval = 300'
INFO: 2022-11-15 16:34:01,778: log_options() 'change_on_start = False'
INFO: 2022-11-15 16:34:01,778: log_options() 'clipboard_enabled = False'
INFO: 2022-11-15 16:34:01,778: log_options() 'clipboard_hosts = ['wallhaven.cc', 'wallpapers.net', 'flickr.com', 'imgur.com', 'deviantart.com', 'interfacelift.com', 'vladstudio.com', 'imageshack.us', 'deviantart.net', 'imageshack.com']'
INFO: 2022-11-15 16:34:01,778: log_options() 'clipboard_use_whitelist = True'
INFO: 2022-11-15 16:34:01,778: log_options() 'clock_date_font = Serif 30'
INFO: 2022-11-15 16:34:01,778: log_options() 'clock_enabled = False'
INFO: 2022-11-15 16:34:01,778: log_options() 'clock_filter = -density 100 -font `fc-match -f '%{file[0]}' '%CLOCK_FONT_NAME'` -pointsize %CLOCK_FONT_SIZE -gravity SouthEast -fill '#00000044' -annotate 0x0+[%HOFFSET+58]+[%VOFFSET+108] '%H:%M' -fill white -annotate 0x0+[%HOFFSET+60]+[%VOFFSET+110] '%H:%M' -font `fc-match -f '%{file[0]}' '%DATE_FONT_NAME'` -pointsize %DATE_FONT_SIZE -fill '#00000044' -annotate 0x0+[%HOFFSET+58]+[%VOFFSET+58] '%A, %B %d' -fill white -annotate 0x0+[%HOFFSET+60]+[%VOFFSET+60] '%A, %B %d''
INFO: 2022-11-15 16:34:01,778: log_options() 'clock_font = Serif 70'
INFO: 2022-11-15 16:34:01,778: log_options() 'configfile = /home/riverside96/.config/variety/variety.conf'
INFO: 2022-11-15 16:34:01,778: log_options() 'copyto_enabled = False'
INFO: 2022-11-15 16:34:01,778: log_options() 'copyto_folder = Default'
INFO: 2022-11-15 16:34:01,779: log_options() 'desired_color = [160, 160, 160]'
INFO: 2022-11-15 16:34:01,779: log_options() 'desired_color_enabled = False'
INFO: 2022-11-15 16:34:01,779: log_options() 'download_folder = /home/riverside96/.config/variety/Downloaded'
INFO: 2022-11-15 16:34:01,780: log_options() 'download_preference_ratio = 0.9'
INFO: 2022-11-15 16:34:01,780: log_options() 'favorites_folder = /home/riverside96/.config/variety/Favorites'
INFO: 2022-11-15 16:34:01,780: log_options() 'favorites_operations = [['Downloaded', 'Copy'], ['Fetched', 'Move'], ['Others', 'Copy']]'
INFO: 2022-11-15 16:34:01,780: log_options() 'fetched_folder = /home/riverside96/.config/variety/Fetched'
INFO: 2022-11-15 16:34:01,780: log_options() 'filters = [[False, 'Keep original', ''], [False, 'Grayscale', '-type Grayscale'], [False, 'Heavy blur', '-scale 20% -blur 0x10 -resize 500%'], [False, 'Soft blur', '-scale 20% -blur 0x2 -resize 500%'], [False, 'Oil painting', '-paint 8'], [False, 'Pointilism', '-spread 10 -noise 3'], [False, 'Pixellate', '-scale 3% -scale 3333%']]'
INFO: 2022-11-15 16:34:01,780: log_options() 'get_wallpaper_script = /home/riverside96/.config/variety/scripts/get_wallpaper_arco'
INFO: 2022-11-15 16:34:01,780: log_options() 'icon = Light'
INFO: 2022-11-15 16:34:01,781: log_options() 'internet_enabled = True'
INFO: 2022-11-15 16:34:01,781: log_options() 'lightness_enabled = False'
INFO: 2022-11-15 16:34:01,781: log_options() 'lightness_mode = 0'
INFO: 2022-11-15 16:34:01,781: log_options() 'min_rating = 4'
INFO: 2022-11-15 16:34:01,781: log_options() 'min_rating_enabled = False'
INFO: 2022-11-15 16:34:01,781: log_options() 'min_size = 80'
INFO: 2022-11-15 16:34:01,781: log_options() 'min_size_enabled = True'
INFO: 2022-11-15 16:34:01,781: log_options() 'quota_enabled = True'
INFO: 2022-11-15 16:34:01,781: log_options() 'quota_size = 1000'
INFO: 2022-11-15 16:34:01,781: log_options() 'quotes_authors = '
INFO: 2022-11-15 16:34:01,781: log_options() 'quotes_bg_color = [80, 80, 80]'
INFO: 2022-11-15 16:34:01,781: log_options() 'quotes_bg_opacity = 55'
INFO: 2022-11-15 16:34:01,782: log_options() 'quotes_change_enabled = False'
INFO: 2022-11-15 16:34:01,782: log_options() 'quotes_change_interval = 300'
INFO: 2022-11-15 16:34:01,782: log_options() 'quotes_disabled_sources = ['Urban Dictionary']'
INFO: 2022-11-15 16:34:01,782: log_options() 'quotes_enabled = False'
INFO: 2022-11-15 16:34:01,782: log_options() 'quotes_favorites_file = /home/riverside96/.config/variety/favorite_quotes.txt'
INFO: 2022-11-15 16:34:01,782: log_options() 'quotes_font = Serif 30'
INFO: 2022-11-15 16:34:01,782: log_options() 'quotes_hpos = 100'
INFO: 2022-11-15 16:34:01,782: log_options() 'quotes_max_length = 250'
INFO: 2022-11-15 16:34:01,782: log_options() 'quotes_tags = '
INFO: 2022-11-15 16:34:01,782: log_options() 'quotes_text_color = [255, 255, 255]'
INFO: 2022-11-15 16:34:01,782: log_options() 'quotes_text_shadow = False'
INFO: 2022-11-15 16:34:01,782: log_options() 'quotes_vpos = 40'
INFO: 2022-11-15 16:34:01,782: log_options() 'quotes_width = 70'
INFO: 2022-11-15 16:34:01,782: log_options() 'safe_mode = False'
INFO: 2022-11-15 16:34:01,783: log_options() 'set_wallpaper_script = /home/riverside96/.config/variety/scripts/set_wallpaper_arco'
INFO: 2022-11-15 16:34:01,783: log_options() 'slideshow_custom_enabled = False'
INFO: 2022-11-15 16:34:01,783: log_options() 'slideshow_custom_folder = /home/riverside96/Pictures'
INFO: 2022-11-15 16:34:01,783: log_options() 'slideshow_downloads_enabled = False'
INFO: 2022-11-15 16:34:01,783: log_options() 'slideshow_fade = 0.4'
INFO: 2022-11-15 16:34:01,783: log_options() 'slideshow_favorites_enabled = True'
INFO: 2022-11-15 16:34:01,783: log_options() 'slideshow_mode = Fullscreen'
INFO: 2022-11-15 16:34:01,783: log_options() 'slideshow_monitor = All'
INFO: 2022-11-15 16:34:01,783: log_options() 'slideshow_pan = 0.05'
INFO: 2022-11-15 16:34:01,783: log_options() 'slideshow_seconds = 6.0'
INFO: 2022-11-15 16:34:01,783: log_options() 'slideshow_sort_order = Random'
INFO: 2022-11-15 16:34:01,783: log_options() 'slideshow_sources_enabled = True'
INFO: 2022-11-15 16:34:01,783: log_options() 'slideshow_zoom = 0.2'
INFO: 2022-11-15 16:34:01,783: log_options() 'smart_enabled = False'
INFO: 2022-11-15 16:34:01,783: log_options() 'smart_notice_shown = False'
INFO: 2022-11-15 16:34:01,783: log_options() 'smart_register_shown = False'
INFO: 2022-11-15 16:34:01,783: log_options() 'sources = [[False, 'favorites', 'The Favorites folder'], [False, 'fetched', 'The Fetched folder'], [False, 'folder', '/usr/share/backgrounds'], [False, 'flickr', 'user:www.flickr.com/photos/peter-levi/;user_id:93647178@N00;'], [False, 'apod', "NASA's Astronomy Picture of the Day"], [False, 'bing', 'Bing Photo of the Day'], [False, 'earthview', 'Google Earth View Wallpapers'], [False, 'natgeo', "National Geographic's photo of the day"], [False, 'unsplash', 'High-resolution photos from Unsplash.com']]'
INFO: 2022-11-15 16:34:01,783: log_options() 'stats_enabled = True'
INFO: 2022-11-15 16:34:01,783: log_options() 'stats_notice_shown = False'
INFO: 2022-11-15 16:34:01,783: log_options() 'sync_enabled = True'
INFO: 2022-11-15 16:34:01,783: log_options() 'use_landscape_enabled = True'
INFO: 2022-11-15 16:34:01,783: log_options() 'wallhaven_api_key = '
INFO: 2022-11-15 16:34:01,783: log_options() 'wallpaper_auto_rotate = True'
INFO: 2022-11-15 16:34:01,784: log_options() 'wallpaper_display_mode = os'
INFO: 2022-11-15 16:34:01,784: clear_prepared_queue() 'Clearing prepared queue'
INFO: 2022-11-15 16:34:01,784: update_indicator() 'Setting file info to: /usr/share/backgrounds/arcolinux/arco-wallpaper.jpg'
INFO: 2022-11-15 16:34:01,784: prepare_thread() 'Prepared buffer contains 0 images'
INFO: 2022-11-15 16:34:01,784: prepare_thread() 'Preparing some images'
INFO: 2022-11-15 16:34:01,784: prepare_thread() 'After search prepared buffer contains 0 images'
INFO: 2022-11-15 16:34:01,785: regular_change_thread() 'regular_change: waiting till user resumes'
INFO: 2022-11-15 16:34:01,786: prepare_thread() 'Prepared buffer contains 0 images'
INFO: 2022-11-15 16:34:01,786: prepare_thread() 'Preparing some images'
INFO: 2022-11-15 16:34:01,786: prepare_thread() 'After search prepared buffer contains 0 images'
INFO: 2022-11-15 16:34:01,886: do_set_wp() 'Calling do_set_wp with /usr/share/backgrounds/arcolinux/arco-wallpaper.jpg, time: 1668530041.8861556'
INFO: 2022-11-15 16:34:01,972: update_indicator() 'Setting file info to: /usr/share/backgrounds/arcolinux/arco-wallpaper.jpg'
INFO: 2022-11-15 16:34:02,080: server_options_thread() 'Fetching server options from http://tiny.cc/variety-options-063'
INFO: 2022-11-15 16:34:02,888: server_options_thread() 'Fetched server options: {'flickr': {'min_fill_queue_interval': 1200, 'min_download_interval': 1200}, 'wallbase': {'min_fill_queue_interval': 1800, 'min_download_interval': 1800}, 'wallhaven': {'min_fill_queue_interval': 1800, 'min_download_interval': 1800}, 'wallpapers.net': {'min_fill_queue_interval': 601, 'min_download_interval': 0}, 'unsplash': {'min_fill_queue_interval': 20000000000, 'min_download_interval': 20000000000}, 'unsplash_v2': {'min_fill_queue_interval': 3600, 'min_download_interval': 1800}, 'status_message': {'0.0.1': '', '*': ''}}'
INFO: 2022-11-15 16:34:03,001: apply_auto_rotate() 'ImageMagick auto-rotate cmd: convert /usr/share/backgrounds/arcolinux/arco-wallpaper.jpg -auto-orient /home/riverside96/.config/variety/wallpaper/wallpaper-auto-rotated-09a109ae8f33836246837cb66f9645fd.jpg'
INFO: 2022-11-15 16:34:03,288: update_indicator() 'Setting file info to: /usr/share/backgrounds/arcolinux/arco-wallpaper.jpg'
INFO: 2022-11-15 16:34:03,785: trigger_download() 'Triggering download thread to check if download needed and possible'
INFO: 2022-11-15 16:34:03,786: trigger_download() 'Triggering download thread to check if download needed and possible'
INFO: 2022-11-15 16:34:37,884: apply() 'Applying preferences'
INFO: 2022-11-15 16:34:37,890: set_visible() 'Showing indicator icon'
INFO: 2022-11-15 16:34:37,890: set_from_theme_icon() 'Showing indicator icon variety-indicator from GTK theme'
INFO: 2022-11-15 16:34:37,890: log_options() 'Loaded options:'
INFO: 2022-11-15 16:34:37,891: log_options() 'change_enabled = False'
INFO: 2022-11-15 16:34:37,891: log_options() 'change_interval = 300'
INFO: 2022-11-15 16:34:37,891: log_options() 'change_on_start = False'
INFO: 2022-11-15 16:34:37,891: log_options() 'clipboard_enabled = False'
INFO: 2022-11-15 16:34:37,891: log_options() 'clipboard_hosts = ['wallhaven.cc', 'wallpapers.net', 'flickr.com', 'imgur.com', 'deviantart.com', 'interfacelift.com', 'vladstudio.com', 'imageshack.us', 'deviantart.net', 'imageshack.com']'
INFO: 2022-11-15 16:34:37,891: log_options() 'clipboard_use_whitelist = True'
INFO: 2022-11-15 16:34:37,891: log_options() 'clock_date_font = Serif 30'
INFO: 2022-11-15 16:34:37,891: log_options() 'clock_enabled = False'
INFO: 2022-11-15 16:34:37,891: log_options() 'clock_filter = -density 100 -font `fc-match -f '%{file[0]}' '%CLOCK_FONT_NAME'` -pointsize %CLOCK_FONT_SIZE -gravity SouthEast -fill '#00000044' -annotate 0x0+[%HOFFSET+58]+[%VOFFSET+108] '%H:%M' -fill white -annotate 0x0+[%HOFFSET+60]+[%VOFFSET+110] '%H:%M' -font `fc-match -f '%{file[0]}' '%DATE_FONT_NAME'` -pointsize %DATE_FONT_SIZE -fill '#00000044' -annotate 0x0+[%HOFFSET+58]+[%VOFFSET+58] '%A, %B %d' -fill white -annotate 0x0+[%HOFFSET+60]+[%VOFFSET+60] '%A, %B %d''
INFO: 2022-11-15 16:34:37,891: log_options() 'clock_font = Serif 70'
INFO: 2022-11-15 16:34:37,891: log_options() 'configfile = /home/riverside96/.config/variety/variety.conf'
INFO: 2022-11-15 16:34:37,891: log_options() 'copyto_enabled = False'
INFO: 2022-11-15 16:34:37,891: log_options() 'copyto_folder = Default'
INFO: 2022-11-15 16:34:37,891: log_options() 'desired_color = [160, 160, 160]'
INFO: 2022-11-15 16:34:37,891: log_options() 'desired_color_enabled = False'
INFO: 2022-11-15 16:34:37,891: log_options() 'download_folder = /home/riverside96/.config/variety/Downloaded'
INFO: 2022-11-15 16:34:37,891: log_options() 'download_preference_ratio = 0.9'
INFO: 2022-11-15 16:34:37,891: log_options() 'favorites_folder = /home/riverside96/.config/variety/Favorites'
INFO: 2022-11-15 16:34:37,891: log_options() 'favorites_operations = [['Downloaded', 'Copy'], ['Fetched', 'Move'], ['Others', 'Copy']]'
INFO: 2022-11-15 16:34:37,891: log_options() 'fetched_folder = /home/riverside96/.config/variety/Fetched'
INFO: 2022-11-15 16:34:37,891: log_options() 'filters = [[False, 'Keep original', ''], [False, 'Grayscale', '-type Grayscale'], [False, 'Heavy blur', '-scale 20% -blur 0x10 -resize 500%'], [False, 'Soft blur', '-scale 20% -blur 0x2 -resize 500%'], [False, 'Oil painting', '-paint 8'], [False, 'Pointilism', '-spread 10 -noise 3'], [False, 'Pixellate', '-scale 3% -scale 3333%']]'
INFO: 2022-11-15 16:34:37,891: log_options() 'get_wallpaper_script = /home/riverside96/.config/variety/scripts/get_wallpaper_arco'
INFO: 2022-11-15 16:34:37,891: log_options() 'icon = Light'
INFO: 2022-11-15 16:34:37,891: log_options() 'internet_enabled = True'
INFO: 2022-11-15 16:34:37,891: log_options() 'lightness_enabled = False'
INFO: 2022-11-15 16:34:37,891: log_options() 'lightness_mode = 0'
INFO: 2022-11-15 16:34:37,891: log_options() 'min_rating = 4'
INFO: 2022-11-15 16:34:37,891: log_options() 'min_rating_enabled = False'
INFO: 2022-11-15 16:34:37,891: log_options() 'min_size = 80'
INFO: 2022-11-15 16:34:37,892: log_options() 'min_size_enabled = True'
INFO: 2022-11-15 16:34:37,892: log_options() 'quota_enabled = True'
INFO: 2022-11-15 16:34:37,892: log_options() 'quota_size = 1000'
INFO: 2022-11-15 16:34:37,892: log_options() 'quotes_authors = '
INFO: 2022-11-15 16:34:37,892: log_options() 'quotes_bg_color = [80, 80, 80]'
INFO: 2022-11-15 16:34:37,892: log_options() 'quotes_bg_opacity = 55'
INFO: 2022-11-15 16:34:37,892: log_options() 'quotes_change_enabled = False'
INFO: 2022-11-15 16:34:37,892: log_options() 'quotes_change_interval = 300'
INFO: 2022-11-15 16:34:37,892: log_options() 'quotes_disabled_sources = ['Urban Dictionary']'
INFO: 2022-11-15 16:34:37,892: log_options() 'quotes_enabled = False'
INFO: 2022-11-15 16:34:37,892: log_options() 'quotes_favorites_file = /home/riverside96/.config/variety/favorite_quotes.txt'
INFO: 2022-11-15 16:34:37,892: log_options() 'quotes_font = Serif 30'
INFO: 2022-11-15 16:34:37,892: log_options() 'quotes_hpos = 100'
INFO: 2022-11-15 16:34:37,892: log_options() 'quotes_max_length = 250'
INFO: 2022-11-15 16:34:37,892: log_options() 'quotes_tags = '
INFO: 2022-11-15 16:34:37,892: log_options() 'quotes_text_color = [255, 255, 255]'
INFO: 2022-11-15 16:34:37,892: log_options() 'quotes_text_shadow = False'
INFO: 2022-11-15 16:34:37,892: log_options() 'quotes_vpos = 40'
INFO: 2022-11-15 16:34:37,892: log_options() 'quotes_width = 70'
INFO: 2022-11-15 16:34:37,892: log_options() 'safe_mode = False'
INFO: 2022-11-15 16:34:37,892: log_options() 'set_wallpaper_script = /home/riverside96/.config/variety/scripts/set_wallpaper_arco'
INFO: 2022-11-15 16:34:37,892: log_options() 'slideshow_custom_enabled = False'
INFO: 2022-11-15 16:34:37,892: log_options() 'slideshow_custom_folder = /home/riverside96/Pictures'
INFO: 2022-11-15 16:34:37,892: log_options() 'slideshow_downloads_enabled = False'
INFO: 2022-11-15 16:34:37,892: log_options() 'slideshow_fade = 0.4'
INFO: 2022-11-15 16:34:37,892: log_options() 'slideshow_favorites_enabled = True'
INFO: 2022-11-15 16:34:37,892: log_options() 'slideshow_mode = Fullscreen'
INFO: 2022-11-15 16:34:37,892: log_options() 'slideshow_monitor = All'
INFO: 2022-11-15 16:34:37,892: log_options() 'slideshow_pan = 0.05'
INFO: 2022-11-15 16:34:37,892: log_options() 'slideshow_seconds = 6.0'
INFO: 2022-11-15 16:34:37,892: log_options() 'slideshow_sort_order = Random'
INFO: 2022-11-15 16:34:37,892: log_options() 'slideshow_sources_enabled = True'
INFO: 2022-11-15 16:34:37,892: log_options() 'slideshow_zoom = 0.2'
INFO: 2022-11-15 16:34:37,893: log_options() 'smart_enabled = False'
INFO: 2022-11-15 16:34:37,893: log_options() 'smart_notice_shown = False'
INFO: 2022-11-15 16:34:37,893: log_options() 'smart_register_shown = False'
INFO: 2022-11-15 16:34:37,893: log_options() 'sources = [[False, 'favorites', 'The Favorites folder'], [False, 'fetched', 'The Fetched folder'], [False, 'folder', '/usr/share/backgrounds'], [False, 'flickr', 'user:www.flickr.com/photos/peter-levi/;user_id:93647178@N00;'], [False, 'apod', "NASA's Astronomy Picture of the Day"], [False, 'bing', 'Bing Photo of the Day'], [False, 'earthview', 'Google Earth View Wallpapers'], [False, 'natgeo', "National Geographic's photo of the day"], [False, 'unsplash', 'High-resolution photos from Unsplash.com'], [True, 'folder', '/home/riverside96/Pictures/wallpapers/pixelart']]'
INFO: 2022-11-15 16:34:37,893: log_options() 'stats_enabled = True'
INFO: 2022-11-15 16:34:37,893: log_options() 'stats_notice_shown = False'
INFO: 2022-11-15 16:34:37,893: log_options() 'sync_enabled = True'
INFO: 2022-11-15 16:34:37,893: log_options() 'use_landscape_enabled = True'
INFO: 2022-11-15 16:34:37,893: log_options() 'wallhaven_api_key = '
INFO: 2022-11-15 16:34:37,893: log_options() 'wallpaper_auto_rotate = True'
INFO: 2022-11-15 16:34:37,893: log_options() 'wallpaper_display_mode = os'
INFO: 2022-11-15 16:34:37,893: clear_prepared_queue() 'Clearing prepared queue'
INFO: 2022-11-15 16:34:37,893: update_indicator() 'Setting file info to: /usr/share/backgrounds/arcolinux/arco-wallpaper.jpg'
INFO: 2022-11-15 16:34:37,893: prepare_thread() 'Prepared buffer contains 0 images'
INFO: 2022-11-15 16:34:37,893: prepare_thread() 'Preparing some images'
INFO: 2022-11-15 16:34:37,894: regular_change_thread() 'regular_change: waiting till user resumes'
INFO: 2022-11-15 16:34:37,946: find_images() 'Prepared buffer still empty after search, appending some non-ok image'
INFO: 2022-11-15 16:34:37,947: prepare_thread() 'After search prepared buffer contains 1 images'
INFO: 2022-11-15 16:34:37,947: prepare_thread() 'Prepared buffer contains 1 images'
INFO: 2022-11-15 16:34:37,947: prepare_thread() 'Preparing some images'
INFO: 2022-11-15 16:34:37,989: prepare_thread() 'After search prepared buffer contains 1 images'
INFO: 2022-11-15 16:34:37,995: do_set_wp() 'Calling do_set_wp with /usr/share/backgrounds/arcolinux/arco-wallpaper.jpg, time: 1668530077.9951882'
INFO: 2022-11-15 16:34:37,996: apply_auto_rotate() 'ImageMagick auto-rotate cmd: convert /usr/share/backgrounds/arcolinux/arco-wallpaper.jpg -auto-orient /home/riverside96/.config/variety/wallpaper/wallpaper-auto-rotated-fad5e0f2584831927c401b911cc3360a.jpg'
INFO: 2022-11-15 16:34:38,374: update_indicator() 'Setting file info to: /usr/share/backgrounds/arcolinux/arco-wallpaper.jpg'
INFO: 2022-11-15 16:34:39,947: trigger_download() 'Triggering download thread to check if download needed and possible'
INFO: 2022-11-15 16:34:39,989: trigger_download() 'Triggering download thread to check if download needed and possible'
INFO: 2022-11-15 16:34:43,093: set_wallpaper() 'Calling set_wallpaper with /home/riverside96/Pictures/wallpapers/pixelart/_28_detailed-pixel-art-wallpaper_norma2d-on-twitter-some-space-backgrounds-for-a-pixel-art-pack-that-im-working-on-🌌-pixelart-ドット絵-httpstco50kinhuqxw-twitter.png'
INFO: 2022-11-15 16:34:43,093: do_set_wp() 'Calling do_set_wp with /home/riverside96/Pictures/wallpapers/pixelart/_28_detailed-pixel-art-wallpaper_norma2d-on-twitter-some-space-backgrounds-for-a-pixel-art-pack-that-im-working-on-🌌-pixelart-ドット絵-httpstco50kinhuqxw-twitter.png, time: 1668530083.0939155'
INFO: 2022-11-15 16:34:43,095: apply_auto_rotate() 'ImageMagick auto-rotate cmd: convert '/home/riverside96/Pictures/wallpapers/pixelart/_28_detailed-pixel-art-wallpaper_norma2d-on-twitter-some-space-backgrounds-for-a-pixel-art-pack-that-im-working-on-🌌-pixelart-ドット絵-httpstco50kinhuqxw-twitter.png' -auto-orient /home/riverside96/.config/variety/wallpaper/wallpaper-auto-rotated-18d16340f8958d304f8acaa19a8c1a7a.jpg'
INFO: 2022-11-15 16:34:43,184: update_indicator() 'Setting file info to: /home/riverside96/Pictures/wallpapers/pixelart/_28_detailed-pixel-art-wallpaper_norma2d-on-twitter-some-space-backgrounds-for-a-pixel-art-pack-that-im-working-on-🌌-pixelart-ドット絵-httpstco50kinhuqxw-twitter.png'
INFO: 2022-11-15 16:34:44,422: update_indicator() 'Setting file info to: /usr/share/backgrounds/arcolinux/arco-wallpaper.jpg'
INFO: 2022-11-15 16:34:50,852: apply() 'Applying preferences'
INFO: 2022-11-15 16:34:50,872: set_visible() 'Showing indicator icon'
INFO: 2022-11-15 16:34:50,873: set_from_theme_icon() 'Showing indicator icon variety-indicator from GTK theme'
INFO: 2022-11-15 16:34:50,874: log_options() 'Loaded options:'
INFO: 2022-11-15 16:34:50,874: log_options() 'change_enabled = False'
INFO: 2022-11-15 16:34:50,874: log_options() 'change_interval = 300'
INFO: 2022-11-15 16:34:50,874: log_options() 'change_on_start = False'
INFO: 2022-11-15 16:34:50,874: log_options() 'clipboard_enabled = False'
INFO: 2022-11-15 16:34:50,875: log_options() 'clipboard_hosts = ['wallhaven.cc', 'wallpapers.net', 'flickr.com', 'imgur.com', 'deviantart.com', 'interfacelift.com', 'vladstudio.com', 'imageshack.us', 'deviantart.net', 'imageshack.com']'
INFO: 2022-11-15 16:34:50,875: log_options() 'clipboard_use_whitelist = True'
INFO: 2022-11-15 16:34:50,875: log_options() 'clock_date_font = Serif 30'
INFO: 2022-11-15 16:34:50,875: log_options() 'clock_enabled = False'
INFO: 2022-11-15 16:34:50,875: log_options() 'clock_filter = -density 100 -font `fc-match -f '%{file[0]}' '%CLOCK_FONT_NAME'` -pointsize %CLOCK_FONT_SIZE -gravity SouthEast -fill '#00000044' -annotate 0x0+[%HOFFSET+58]+[%VOFFSET+108] '%H:%M' -fill white -annotate 0x0+[%HOFFSET+60]+[%VOFFSET+110] '%H:%M' -font `fc-match -f '%{file[0]}' '%DATE_FONT_NAME'` -pointsize %DATE_FONT_SIZE -fill '#00000044' -annotate 0x0+[%HOFFSET+58]+[%VOFFSET+58] '%A, %B %d' -fill white -annotate 0x0+[%HOFFSET+60]+[%VOFFSET+60] '%A, %B %d''
INFO: 2022-11-15 16:34:50,875: log_options() 'clock_font = Serif 70'
INFO: 2022-11-15 16:34:50,875: log_options() 'configfile = /home/riverside96/.config/variety/variety.conf'
INFO: 2022-11-15 16:34:50,875: log_options() 'copyto_enabled = False'
INFO: 2022-11-15 16:34:50,876: log_options() 'copyto_folder = Default'
INFO: 2022-11-15 16:34:50,876: log_options() 'desired_color = [160, 160, 160]'
INFO: 2022-11-15 16:34:50,876: log_options() 'desired_color_enabled = False'
INFO: 2022-11-15 16:34:50,876: log_options() 'download_folder = /home/riverside96/.config/variety/Downloaded'
INFO: 2022-11-15 16:34:50,876: log_options() 'download_preference_ratio = 0.9'
INFO: 2022-11-15 16:34:50,876: log_options() 'favorites_folder = /home/riverside96/.config/variety/Favorites'
INFO: 2022-11-15 16:34:50,876: log_options() 'favorites_operations = [['Downloaded', 'Copy'], ['Fetched', 'Move'], ['Others', 'Copy']]'
INFO: 2022-11-15 16:34:50,876: log_options() 'fetched_folder = /home/riverside96/.config/variety/Fetched'
INFO: 2022-11-15 16:34:50,877: log_options() 'filters = [[False, 'Keep original', ''], [False, 'Grayscale', '-type Grayscale'], [False, 'Heavy blur', '-scale 20% -blur 0x10 -resize 500%'], [False, 'Soft blur', '-scale 20% -blur 0x2 -resize 500%'], [False, 'Oil painting', '-paint 8'], [False, 'Pointilism', '-spread 10 -noise 3'], [False, 'Pixellate', '-scale 3% -scale 3333%']]'
INFO: 2022-11-15 16:34:50,877: log_options() 'get_wallpaper_script = /home/riverside96/.config/variety/scripts/get_wallpaper_arco'
INFO: 2022-11-15 16:34:50,877: log_options() 'icon = Light'
INFO: 2022-11-15 16:34:50,877: log_options() 'internet_enabled = False'
INFO: 2022-11-15 16:34:50,877: log_options() 'lightness_enabled = False'
INFO: 2022-11-15 16:34:50,877: log_options() 'lightness_mode = 0'
INFO: 2022-11-15 16:34:50,877: log_options() 'min_rating = 4'
INFO: 2022-11-15 16:34:50,877: log_options() 'min_rating_enabled = False'
INFO: 2022-11-15 16:34:50,878: log_options() 'min_size = 80'
INFO: 2022-11-15 16:34:50,878: log_options() 'min_size_enabled = True'
INFO: 2022-11-15 16:34:50,878: log_options() 'quota_enabled = True'
INFO: 2022-11-15 16:34:50,878: log_options() 'quota_size = 1000'
INFO: 2022-11-15 16:34:50,878: log_options() 'quotes_authors = '
INFO: 2022-11-15 16:34:50,878: log_options() 'quotes_bg_color = [80, 80, 80]'
INFO: 2022-11-15 16:34:50,878: log_options() 'quotes_bg_opacity = 55'
INFO: 2022-11-15 16:34:50,878: log_options() 'quotes_change_enabled = False'
INFO: 2022-11-15 16:34:50,878: log_options() 'quotes_change_interval = 300'
INFO: 2022-11-15 16:34:50,879: log_options() 'quotes_disabled_sources = ['Urban Dictionary']'
INFO: 2022-11-15 16:34:50,879: log_options() 'quotes_enabled = False'
INFO: 2022-11-15 16:34:50,879: log_options() 'quotes_favorites_file = /home/riverside96/.config/variety/favorite_quotes.txt'
INFO: 2022-11-15 16:34:50,879: log_options() 'quotes_font = Serif 30'
INFO: 2022-11-15 16:34:50,879: log_options() 'quotes_hpos = 100'
INFO: 2022-11-15 16:34:50,879: log_options() 'quotes_max_length = 250'
INFO: 2022-11-15 16:34:50,880: log_options() 'quotes_tags = '
INFO: 2022-11-15 16:34:50,880: log_options() 'quotes_text_color = [255, 255, 255]'
INFO: 2022-11-15 16:34:50,880: log_options() 'quotes_text_shadow = False'
INFO: 2022-11-15 16:34:50,880: log_options() 'quotes_vpos = 40'
INFO: 2022-11-15 16:34:50,880: log_options() 'quotes_width = 70'
INFO: 2022-11-15 16:34:50,880: log_options() 'safe_mode = False'
INFO: 2022-11-15 16:34:50,880: log_options() 'set_wallpaper_script = /home/riverside96/.config/variety/scripts/set_wallpaper_arco'
INFO: 2022-11-15 16:34:50,880: log_options() 'slideshow_custom_enabled = False'
INFO: 2022-11-15 16:34:50,880: log_options() 'slideshow_custom_folder = /home/riverside96/Pictures'
INFO: 2022-11-15 16:34:50,881: log_options() 'slideshow_downloads_enabled = False'
INFO: 2022-11-15 16:34:50,881: log_options() 'slideshow_fade = 0.4'
INFO: 2022-11-15 16:34:50,881: log_options() 'slideshow_favorites_enabled = True'
INFO: 2022-11-15 16:34:50,881: log_options() 'slideshow_mode = Fullscreen'
INFO: 2022-11-15 16:34:50,881: log_options() 'slideshow_monitor = All'
INFO: 2022-11-15 16:34:50,881: log_options() 'slideshow_pan = 0.05'
INFO: 2022-11-15 16:34:50,881: log_options() 'slideshow_seconds = 6.0'
INFO: 2022-11-15 16:34:50,881: log_options() 'slideshow_sort_order = Random'
INFO: 2022-11-15 16:34:50,882: log_options() 'slideshow_sources_enabled = True'
INFO: 2022-11-15 16:34:50,882: log_options() 'slideshow_zoom = 0.2'
INFO: 2022-11-15 16:34:50,882: log_options() 'smart_enabled = False'
INFO: 2022-11-15 16:34:50,882: log_options() 'smart_notice_shown = False'
INFO: 2022-11-15 16:34:50,882: log_options() 'smart_register_shown = False'
INFO: 2022-11-15 16:34:50,882: log_options() 'sources = [[False, 'favorites', 'The Favorites folder'], [False, 'fetched', 'The Fetched folder'], [False, 'folder', '/usr/share/backgrounds'], [False, 'flickr', 'user:www.flickr.com/photos/peter-levi/;user_id:93647178@N00;'], [False, 'apod', "NASA's Astronomy Picture of the Day"], [False, 'bing', 'Bing Photo of the Day'], [False, 'earthview', 'Google Earth View Wallpapers'], [False, 'natgeo', "National Geographic's photo of the day"], [False, 'unsplash', 'High-resolution photos from Unsplash.com'], [True, 'folder', '/home/riverside96/Pictures/wallpapers/pixelart']]'
INFO: 2022-11-15 16:34:50,882: log_options() 'stats_enabled = True'
INFO: 2022-11-15 16:34:50,882: log_options() 'stats_notice_shown = False'
INFO: 2022-11-15 16:34:50,883: log_options() 'sync_enabled = True'
INFO: 2022-11-15 16:34:50,883: log_options() 'use_landscape_enabled = True'
INFO: 2022-11-15 16:34:50,883: log_options() 'wallhaven_api_key = '
INFO: 2022-11-15 16:34:50,883: log_options() 'wallpaper_auto_rotate = True'
INFO: 2022-11-15 16:34:50,883: log_options() 'wallpaper_display_mode = os'
INFO: 2022-11-15 16:34:50,883: reload_config() 'No need to clear prepared queue'
INFO: 2022-11-15 16:34:50,883: update_indicator() 'Setting file info to: /home/riverside96/Pictures/wallpapers/pixelart/_28_detailed-pixel-art-wallpaper_norma2d-on-twitter-some-space-backgrounds-for-a-pixel-art-pack-that-im-working-on-🌌-pixelart-ドット絵-httpstco50kinhuqxw-twitter.png'
INFO: 2022-11-15 16:34:50,886: regular_change_thread() 'regular_change: waiting till user resumes'
INFO: 2022-11-15 16:34:50,886: prepare_thread() 'Prepared buffer contains 1 images'
INFO: 2022-11-15 16:34:50,886: prepare_thread() 'Preparing some images'
INFO: 2022-11-15 16:34:50,918: prepare_thread() 'After search prepared buffer contains 1 images'
INFO: 2022-11-15 16:34:50,986: do_set_wp() 'Calling do_set_wp with /home/riverside96/Pictures/wallpapers/pixelart/_28_detailed-pixel-art-wallpaper_norma2d-on-twitter-some-space-backgrounds-for-a-pixel-art-pack-that-im-working-on-🌌-pixelart-ドット絵-httpstco50kinhuqxw-twitter.png, time: 1668530090.9864817'
INFO: 2022-11-15 16:34:50,987: apply_auto_rotate() 'ImageMagick auto-rotate cmd: convert '/home/riverside96/Pictures/wallpapers/pixelart/_28_detailed-pixel-art-wallpaper_norma2d-on-twitter-some-space-backgrounds-for-a-pixel-art-pack-that-im-working-on-🌌-pixelart-ドット絵-httpstco50kinhuqxw-twitter.png' -auto-orient /home/riverside96/.config/variety/wallpaper/wallpaper-auto-rotated-662116df5e24ca07cd48fd839e6d73b6.jpg'
INFO: 2022-11-15 16:34:51,040: update_indicator() 'Setting file info to: /home/riverside96/Pictures/wallpapers/pixelart/_28_detailed-pixel-art-wallpaper_norma2d-on-twitter-some-space-backgrounds-for-a-pixel-art-pack-that-im-working-on-🌌-pixelart-ドット絵-httpstco50kinhuqxw-twitter.png'
INFO: 2022-11-15 16:34:52,113: set_wallpaper() 'Calling set_wallpaper with /home/riverside96/Pictures/wallpapers/pixelart/pixelisland.png'
INFO: 2022-11-15 16:34:52,113: do_set_wp() 'Calling do_set_wp with /home/riverside96/Pictures/wallpapers/pixelart/pixelisland.png, time: 1668530092.1135561'
INFO: 2022-11-15 16:34:52,305: update_indicator() 'Setting file info to: /home/riverside96/Pictures/wallpapers/pixelart/_28_detailed-pixel-art-wallpaper_norma2d-on-twitter-some-space-backgrounds-for-a-pixel-art-pack-that-im-working-on-🌌-pixelart-ドット絵-httpstco50kinhuqxw-twitter.png'
INFO: 2022-11-15 16:34:52,918: trigger_download() 'Triggering download thread to check if download needed and possible'
INFO: 2022-11-15 16:34:55,215: apply_auto_rotate() 'ImageMagick auto-rotate cmd: convert /home/riverside96/Pictures/wallpapers/pixelart/pixelisland.png -auto-orient /home/riverside96/.config/variety/wallpaper/wallpaper-auto-rotated-d40174c50274511d1b6227bf7446cbcc.jpg'
INFO: 2022-11-15 16:34:55,323: update_indicator() 'Setting file info to: /home/riverside96/Pictures/wallpapers/pixelart/pixelisland.png'
INFO: 2022-11-15 16:34:59,337: apply() 'Applying preferences'
INFO: 2022-11-15 16:34:59,352: log_options() 'Loaded options:'
INFO: 2022-11-15 16:34:59,352: log_options() 'change_enabled = True'
INFO: 2022-11-15 16:34:59,352: log_options() 'change_interval = 300'
INFO: 2022-11-15 16:34:59,352: log_options() 'change_on_start = False'
INFO: 2022-11-15 16:34:59,352: set_visible() 'Showing indicator icon'
INFO: 2022-11-15 16:34:59,353: log_options() 'clipboard_enabled = False'
INFO: 2022-11-15 16:34:59,353: set_from_theme_icon() 'Showing indicator icon variety-indicator from GTK theme'
INFO: 2022-11-15 16:34:59,353: log_options() 'clipboard_hosts = ['wallhaven.cc', 'wallpapers.net', 'flickr.com', 'imgur.com', 'deviantart.com', 'interfacelift.com', 'vladstudio.com', 'imageshack.us', 'deviantart.net', 'imageshack.com']'
INFO: 2022-11-15 16:34:59,353: log_options() 'clipboard_use_whitelist = True'
INFO: 2022-11-15 16:34:59,353: log_options() 'clock_date_font = Serif 30'
INFO: 2022-11-15 16:34:59,353: log_options() 'clock_enabled = False'
INFO: 2022-11-15 16:34:59,353: log_options() 'clock_filter = -density 100 -font `fc-match -f '%{file[0]}' '%CLOCK_FONT_NAME'` -pointsize %CLOCK_FONT_SIZE -gravity SouthEast -fill '#00000044' -annotate 0x0+[%HOFFSET+58]+[%VOFFSET+108] '%H:%M' -fill white -annotate 0x0+[%HOFFSET+60]+[%VOFFSET+110] '%H:%M' -font `fc-match -f '%{file[0]}' '%DATE_FONT_NAME'` -pointsize %DATE_FONT_SIZE -fill '#00000044' -annotate 0x0+[%HOFFSET+58]+[%VOFFSET+58] '%A, %B %d' -fill white -annotate 0x0+[%HOFFSET+60]+[%VOFFSET+60] '%A, %B %d''
INFO: 2022-11-15 16:34:59,353: log_options() 'clock_font = Serif 70'
INFO: 2022-11-15 16:34:59,353: log_options() 'configfile = /home/riverside96/.config/variety/variety.conf'
INFO: 2022-11-15 16:34:59,354: log_options() 'copyto_enabled = False'
INFO: 2022-11-15 16:34:59,354: log_options() 'copyto_folder = Default'
INFO: 2022-11-15 16:34:59,354: log_options() 'desired_color = [160, 160, 160]'
INFO: 2022-11-15 16:34:59,354: log_options() 'desired_color_enabled = False'
INFO: 2022-11-15 16:34:59,354: log_options() 'download_folder = /home/riverside96/.config/variety/Downloaded'
INFO: 2022-11-15 16:34:59,354: log_options() 'download_preference_ratio = 0.9'
INFO: 2022-11-15 16:34:59,354: log_options() 'favorites_folder = /home/riverside96/.config/variety/Favorites'
INFO: 2022-11-15 16:34:59,354: log_options() 'favorites_operations = [['Downloaded', 'Copy'], ['Fetched', 'Move'], ['Others', 'Copy']]'
INFO: 2022-11-15 16:34:59,354: log_options() 'fetched_folder = /home/riverside96/.config/variety/Fetched'
INFO: 2022-11-15 16:34:59,354: log_options() 'filters = [[False, 'Keep original', ''], [False, 'Grayscale', '-type Grayscale'], [False, 'Heavy blur', '-scale 20% -blur 0x10 -resize 500%'], [False, 'Soft blur', '-scale 20% -blur 0x2 -resize 500%'], [False, 'Oil painting', '-paint 8'], [False, 'Pointilism', '-spread 10 -noise 3'], [False, 'Pixellate', '-scale 3% -scale 3333%']]'
INFO: 2022-11-15 16:34:59,354: log_options() 'get_wallpaper_script = /home/riverside96/.config/variety/scripts/get_wallpaper_arco'
INFO: 2022-11-15 16:34:59,354: log_options() 'icon = Light'
INFO: 2022-11-15 16:34:59,354: log_options() 'internet_enabled = False'
INFO: 2022-11-15 16:34:59,354: log_options() 'lightness_enabled = False'
INFO: 2022-11-15 16:34:59,354: log_options() 'lightness_mode = 0'
INFO: 2022-11-15 16:34:59,354: log_options() 'min_rating = 4'
INFO: 2022-11-15 16:34:59,354: log_options() 'min_rating_enabled = False'
INFO: 2022-11-15 16:34:59,354: log_options() 'min_size = 80'
INFO: 2022-11-15 16:34:59,354: log_options() 'min_size_enabled = True'
INFO: 2022-11-15 16:34:59,354: log_options() 'quota_enabled = True'
INFO: 2022-11-15 16:34:59,354: log_options() 'quota_size = 1000'
INFO: 2022-11-15 16:34:59,354: log_options() 'quotes_authors = '
INFO: 2022-11-15 16:34:59,354: log_options() 'quotes_bg_color = [80, 80, 80]'
INFO: 2022-11-15 16:34:59,354: log_options() 'quotes_bg_opacity = 55'
INFO: 2022-11-15 16:34:59,354: log_options() 'quotes_change_enabled = False'
INFO: 2022-11-15 16:34:59,355: log_options() 'quotes_change_interval = 300'
INFO: 2022-11-15 16:34:59,355: log_options() 'quotes_disabled_sources = ['Urban Dictionary']'
INFO: 2022-11-15 16:34:59,355: log_options() 'quotes_enabled = False'
INFO: 2022-11-15 16:34:59,355: log_options() 'quotes_favorites_file = /home/riverside96/.config/variety/favorite_quotes.txt'
INFO: 2022-11-15 16:34:59,355: log_options() 'quotes_font = Serif 30'
INFO: 2022-11-15 16:34:59,355: log_options() 'quotes_hpos = 100'
INFO: 2022-11-15 16:34:59,355: log_options() 'quotes_max_length = 250'
INFO: 2022-11-15 16:34:59,355: log_options() 'quotes_tags = '
INFO: 2022-11-15 16:34:59,355: log_options() 'quotes_text_color = [255, 255, 255]'
INFO: 2022-11-15 16:34:59,355: log_options() 'quotes_text_shadow = False'
INFO: 2022-11-15 16:34:59,355: log_options() 'quotes_vpos = 40'
INFO: 2022-11-15 16:34:59,355: log_options() 'quotes_width = 70'
INFO: 2022-11-15 16:34:59,355: log_options() 'safe_mode = False'
INFO: 2022-11-15 16:34:59,355: log_options() 'set_wallpaper_script = /home/riverside96/.config/variety/scripts/set_wallpaper_arco'
INFO: 2022-11-15 16:34:59,355: log_options() 'slideshow_custom_enabled = False'
INFO: 2022-11-15 16:34:59,355: log_options() 'slideshow_custom_folder = /home/riverside96/Pictures'
INFO: 2022-11-15 16:34:59,355: log_options() 'slideshow_downloads_enabled = False'
INFO: 2022-11-15 16:34:59,355: log_options() 'slideshow_fade = 0.4'
INFO: 2022-11-15 16:34:59,355: log_options() 'slideshow_favorites_enabled = True'
INFO: 2022-11-15 16:34:59,355: log_options() 'slideshow_mode = Fullscreen'
INFO: 2022-11-15 16:34:59,355: log_options() 'slideshow_monitor = All'
INFO: 2022-11-15 16:34:59,355: log_options() 'slideshow_pan = 0.05'
INFO: 2022-11-15 16:34:59,355: log_options() 'slideshow_seconds = 6.0'
INFO: 2022-11-15 16:34:59,355: log_options() 'slideshow_sort_order = Random'
INFO: 2022-11-15 16:34:59,355: log_options() 'slideshow_sources_enabled = True'
INFO: 2022-11-15 16:34:59,355: log_options() 'slideshow_zoom = 0.2'
INFO: 2022-11-15 16:34:59,356: log_options() 'smart_enabled = False'
INFO: 2022-11-15 16:34:59,356: log_options() 'smart_notice_shown = False'
INFO: 2022-11-15 16:34:59,356: log_options() 'smart_register_shown = False'
INFO: 2022-11-15 16:34:59,356: log_options() 'sources = [[False, 'favorites', 'The Favorites folder'], [False, 'fetched', 'The Fetched folder'], [False, 'folder', '/usr/share/backgrounds'], [False, 'flickr', 'user:www.flickr.com/photos/peter-levi/;user_id:93647178@N00;'], [False, 'apod', "NASA's Astronomy Picture of the Day"], [False, 'bing', 'Bing Photo of the Day'], [False, 'earthview', 'Google Earth View Wallpapers'], [False, 'natgeo', "National Geographic's photo of the day"], [False, 'unsplash', 'High-resolution photos from Unsplash.com'], [True, 'folder', '/home/riverside96/Pictures/wallpapers/pixelart']]'
INFO: 2022-11-15 16:34:59,356: log_options() 'stats_enabled = True'
INFO: 2022-11-15 16:34:59,356: log_options() 'stats_notice_shown = False'
INFO: 2022-11-15 16:34:59,356: log_options() 'sync_enabled = True'
INFO: 2022-11-15 16:34:59,356: log_options() 'use_landscape_enabled = True'
INFO: 2022-11-15 16:34:59,356: log_options() 'wallhaven_api_key = '
INFO: 2022-11-15 16:34:59,356: log_options() 'wallpaper_auto_rotate = True'
INFO: 2022-11-15 16:34:59,356: log_options() 'wallpaper_display_mode = os'
INFO: 2022-11-15 16:34:59,356: reload_config() 'No need to clear prepared queue'
INFO: 2022-11-15 16:34:59,356: update_indicator() 'Setting file info to: /home/riverside96/Pictures/wallpapers/pixelart/pixelisland.png'
INFO: 2022-11-15 16:34:59,357: prepare_thread() 'Prepared buffer contains 1 images'
INFO: 2022-11-15 16:34:59,357: prepare_thread() 'Preparing some images'
INFO: 2022-11-15 16:34:59,398: prepare_thread() 'After search prepared buffer contains 1 images'
INFO: 2022-11-15 16:34:59,458: do_set_wp() 'Calling do_set_wp with /home/riverside96/Pictures/wallpapers/pixelart/pixelisland.png, time: 1668530099.4584038'
INFO: 2022-11-15 16:34:59,459: apply_auto_rotate() 'ImageMagick auto-rotate cmd: convert /home/riverside96/Pictures/wallpapers/pixelart/pixelisland.png -auto-orient /home/riverside96/.config/variety/wallpaper/wallpaper-auto-rotated-0bf0f54638084d04886c99609c4a673f.jpg'
INFO: 2022-11-15 16:34:59,596: update_indicator() 'Setting file info to: /home/riverside96/Pictures/wallpapers/pixelart/pixelisland.png'
INFO: 2022-11-15 16:35:01,399: trigger_download() 'Triggering download thread to check if download needed and possible'
INFO: 2022-11-15 16:35:08,267: apply() 'Applying preferences'
ERROR: 2022-11-15 16:35:08,273: read_time() 'Could not understand interval'
Traceback (most recent call last):
  File "/usr/lib/python3.10/site-packages/variety/PreferencesVarietyDialog.py", line 563, in read_time
    interval = int(text_entry.get_text())
ValueError: invalid literal for int() with base 10: ''
INFO: 2022-11-15 16:35:08,277: log_options() 'Loaded options:'
INFO: 2022-11-15 16:35:08,277: log_options() 'change_enabled = True'
INFO: 2022-11-15 16:35:08,277: log_options() 'change_interval = 300'
INFO: 2022-11-15 16:35:08,278: log_options() 'change_on_start = False'
INFO: 2022-11-15 16:35:08,278: log_options() 'clipboard_enabled = False'
INFO: 2022-11-15 16:35:08,277: set_visible() 'Showing indicator icon'
INFO: 2022-11-15 16:35:08,278: log_options() 'clipboard_hosts = ['wallhaven.cc', 'wallpapers.net', 'flickr.com', 'imgur.com', 'deviantart.com', 'interfacelift.com', 'vladstudio.com', 'imageshack.us', 'deviantart.net', 'imageshack.com']'
INFO: 2022-11-15 16:35:08,278: set_from_theme_icon() 'Showing indicator icon variety-indicator from GTK theme'
INFO: 2022-11-15 16:35:08,278: log_options() 'clipboard_use_whitelist = True'
INFO: 2022-11-15 16:35:08,278: log_options() 'clock_date_font = Serif 30'
INFO: 2022-11-15 16:35:08,278: log_options() 'clock_enabled = False'
INFO: 2022-11-15 16:35:08,278: log_options() 'clock_filter = -density 100 -font `fc-match -f '%{file[0]}' '%CLOCK_FONT_NAME'` -pointsize %CLOCK_FONT_SIZE -gravity SouthEast -fill '#00000044' -annotate 0x0+[%HOFFSET+58]+[%VOFFSET+108] '%H:%M' -fill white -annotate 0x0+[%HOFFSET+60]+[%VOFFSET+110] '%H:%M' -font `fc-match -f '%{file[0]}' '%DATE_FONT_NAME'` -pointsize %DATE_FONT_SIZE -fill '#00000044' -annotate 0x0+[%HOFFSET+58]+[%VOFFSET+58] '%A, %B %d' -fill white -annotate 0x0+[%HOFFSET+60]+[%VOFFSET+60] '%A, %B %d''
INFO: 2022-11-15 16:35:08,278: log_options() 'clock_font = Serif 70'
INFO: 2022-11-15 16:35:08,278: log_options() 'configfile = /home/riverside96/.config/variety/variety.conf'
INFO: 2022-11-15 16:35:08,278: log_options() 'copyto_enabled = False'
INFO: 2022-11-15 16:35:08,278: log_options() 'copyto_folder = Default'
INFO: 2022-11-15 16:35:08,278: log_options() 'desired_color = [160, 160, 160]'
INFO: 2022-11-15 16:35:08,278: log_options() 'desired_color_enabled = False'
INFO: 2022-11-15 16:35:08,278: log_options() 'download_folder = /home/riverside96/.config/variety/Downloaded'
INFO: 2022-11-15 16:35:08,278: log_options() 'download_preference_ratio = 0.9'
INFO: 2022-11-15 16:35:08,278: log_options() 'favorites_folder = /home/riverside96/.config/variety/Favorites'
INFO: 2022-11-15 16:35:08,278: log_options() 'favorites_operations = [['Downloaded', 'Copy'], ['Fetched', 'Move'], ['Others', 'Copy']]'
INFO: 2022-11-15 16:35:08,278: log_options() 'fetched_folder = /home/riverside96/.config/variety/Fetched'
INFO: 2022-11-15 16:35:08,279: log_options() 'filters = [[False, 'Keep original', ''], [False, 'Grayscale', '-type Grayscale'], [False, 'Heavy blur', '-scale 20% -blur 0x10 -resize 500%'], [False, 'Soft blur', '-scale 20% -blur 0x2 -resize 500%'], [False, 'Oil painting', '-paint 8'], [False, 'Pointilism', '-spread 10 -noise 3'], [False, 'Pixellate', '-scale 3% -scale 3333%']]'
INFO: 2022-11-15 16:35:08,279: log_options() 'get_wallpaper_script = /home/riverside96/.config/variety/scripts/get_wallpaper_arco'
INFO: 2022-11-15 16:35:08,279: log_options() 'icon = Light'
INFO: 2022-11-15 16:35:08,279: log_options() 'internet_enabled = False'
INFO: 2022-11-15 16:35:08,279: log_options() 'lightness_enabled = False'
INFO: 2022-11-15 16:35:08,279: log_options() 'lightness_mode = 0'
INFO: 2022-11-15 16:35:08,279: log_options() 'min_rating = 4'
INFO: 2022-11-15 16:35:08,279: log_options() 'min_rating_enabled = False'
INFO: 2022-11-15 16:35:08,279: log_options() 'min_size = 80'
INFO: 2022-11-15 16:35:08,279: log_options() 'min_size_enabled = True'
INFO: 2022-11-15 16:35:08,279: log_options() 'quota_enabled = True'
INFO: 2022-11-15 16:35:08,279: log_options() 'quota_size = 1000'
INFO: 2022-11-15 16:35:08,279: log_options() 'quotes_authors = '
INFO: 2022-11-15 16:35:08,279: log_options() 'quotes_bg_color = [80, 80, 80]'
INFO: 2022-11-15 16:35:08,279: log_options() 'quotes_bg_opacity = 55'
INFO: 2022-11-15 16:35:08,279: log_options() 'quotes_change_enabled = False'
INFO: 2022-11-15 16:35:08,279: log_options() 'quotes_change_interval = 300'
INFO: 2022-11-15 16:35:08,279: log_options() 'quotes_disabled_sources = ['Urban Dictionary']'
INFO: 2022-11-15 16:35:08,279: log_options() 'quotes_enabled = False'
INFO: 2022-11-15 16:35:08,279: log_options() 'quotes_favorites_file = /home/riverside96/.config/variety/favorite_quotes.txt'
INFO: 2022-11-15 16:35:08,279: log_options() 'quotes_font = Serif 30'
INFO: 2022-11-15 16:35:08,279: log_options() 'quotes_hpos = 100'
INFO: 2022-11-15 16:35:08,279: log_options() 'quotes_max_length = 250'
INFO: 2022-11-15 16:35:08,279: log_options() 'quotes_tags = '
INFO: 2022-11-15 16:35:08,279: log_options() 'quotes_text_color = [255, 255, 255]'
INFO: 2022-11-15 16:35:08,279: log_options() 'quotes_text_shadow = False'
INFO: 2022-11-15 16:35:08,279: log_options() 'quotes_vpos = 40'
INFO: 2022-11-15 16:35:08,279: log_options() 'quotes_width = 70'
INFO: 2022-11-15 16:35:08,279: log_options() 'safe_mode = False'
INFO: 2022-11-15 16:35:08,279: log_options() 'set_wallpaper_script = /home/riverside96/.config/variety/scripts/set_wallpaper_arco'
INFO: 2022-11-15 16:35:08,279: log_options() 'slideshow_custom_enabled = False'
INFO: 2022-11-15 16:35:08,279: log_options() 'slideshow_custom_folder = /home/riverside96/Pictures'
INFO: 2022-11-15 16:35:08,279: log_options() 'slideshow_downloads_enabled = False'
INFO: 2022-11-15 16:35:08,279: log_options() 'slideshow_fade = 0.4'
INFO: 2022-11-15 16:35:08,280: log_options() 'slideshow_favorites_enabled = True'
INFO: 2022-11-15 16:35:08,280: log_options() 'slideshow_mode = Fullscreen'
INFO: 2022-11-15 16:35:08,280: log_options() 'slideshow_monitor = All'
INFO: 2022-11-15 16:35:08,280: log_options() 'slideshow_pan = 0.05'
INFO: 2022-11-15 16:35:08,280: log_options() 'slideshow_seconds = 6.0'
INFO: 2022-11-15 16:35:08,280: log_options() 'slideshow_sort_order = Random'
INFO: 2022-11-15 16:35:08,280: log_options() 'slideshow_sources_enabled = True'
INFO: 2022-11-15 16:35:08,280: log_options() 'slideshow_zoom = 0.2'
INFO: 2022-11-15 16:35:08,280: log_options() 'smart_enabled = False'
INFO: 2022-11-15 16:35:08,280: log_options() 'smart_notice_shown = False'
INFO: 2022-11-15 16:35:08,280: log_options() 'smart_register_shown = False'
INFO: 2022-11-15 16:35:08,280: log_options() 'sources = [[False, 'favorites', 'The Favorites folder'], [False, 'fetched', 'The Fetched folder'], [False, 'folder', '/usr/share/backgrounds'], [False, 'flickr', 'user:www.flickr.com/photos/peter-levi/;user_id:93647178@N00;'], [False, 'apod', "NASA's Astronomy Picture of the Day"], [False, 'bing', 'Bing Photo of the Day'], [False, 'earthview', 'Google Earth View Wallpapers'], [False, 'natgeo', "National Geographic's photo of the day"], [False, 'unsplash', 'High-resolution photos from Unsplash.com'], [True, 'folder', '/home/riverside96/Pictures/wallpapers/pixelart']]'
INFO: 2022-11-15 16:35:08,280: log_options() 'stats_enabled = True'
INFO: 2022-11-15 16:35:08,280: log_options() 'stats_notice_shown = False'
INFO: 2022-11-15 16:35:08,280: log_options() 'sync_enabled = True'
INFO: 2022-11-15 16:35:08,280: log_options() 'use_landscape_enabled = True'
INFO: 2022-11-15 16:35:08,280: log_options() 'wallhaven_api_key = '
INFO: 2022-11-15 16:35:08,280: log_options() 'wallpaper_auto_rotate = True'
INFO: 2022-11-15 16:35:08,280: log_options() 'wallpaper_display_mode = os'
INFO: 2022-11-15 16:35:08,280: reload_config() 'No need to clear prepared queue'
INFO: 2022-11-15 16:35:08,280: update_indicator() 'Setting file info to: /home/riverside96/Pictures/wallpapers/pixelart/pixelisland.png'
INFO: 2022-11-15 16:35:08,281: prepare_thread() 'Prepared buffer contains 1 images'
INFO: 2022-11-15 16:35:08,281: prepare_thread() 'Preparing some images'
INFO: 2022-11-15 16:35:08,308: prepare_thread() 'After search prepared buffer contains 1 images'
INFO: 2022-11-15 16:35:08,381: do_set_wp() 'Calling do_set_wp with /home/riverside96/Pictures/wallpapers/pixelart/pixelisland.png, time: 1668530108.3817549'
INFO: 2022-11-15 16:35:08,382: apply_auto_rotate() 'ImageMagick auto-rotate cmd: convert /home/riverside96/Pictures/wallpapers/pixelart/pixelisland.png -auto-orient /home/riverside96/.config/variety/wallpaper/wallpaper-auto-rotated-d7073d4f90a41395a79321b8f080eaec.jpg'
INFO: 2022-11-15 16:35:08,470: update_indicator() 'Setting file info to: /home/riverside96/Pictures/wallpapers/pixelart/pixelisland.png'
INFO: 2022-11-15 16:35:10,308: trigger_download() 'Triggering download thread to check if download needed and possible'
INFO: 2022-11-15 16:35:12,710: apply() 'Applying preferences'
INFO: 2022-11-15 16:35:12,731: set_visible() 'Showing indicator icon'
INFO: 2022-11-15 16:35:12,732: log_options() 'Loaded options:'
INFO: 2022-11-15 16:35:12,733: log_options() 'change_enabled = True'
INFO: 2022-11-15 16:35:12,733: log_options() 'change_interval = 10800'
INFO: 2022-11-15 16:35:12,733: log_options() 'change_on_start = False'
INFO: 2022-11-15 16:35:12,733: set_from_theme_icon() 'Showing indicator icon variety-indicator from GTK theme'
INFO: 2022-11-15 16:35:12,733: log_options() 'clipboard_enabled = False'
INFO: 2022-11-15 16:35:12,734: log_options() 'clipboard_hosts = ['wallhaven.cc', 'wallpapers.net', 'flickr.com', 'imgur.com', 'deviantart.com', 'interfacelift.com', 'vladstudio.com', 'imageshack.us', 'deviantart.net', 'imageshack.com']'
INFO: 2022-11-15 16:35:12,734: log_options() 'clipboard_use_whitelist = True'
INFO: 2022-11-15 16:35:12,734: log_options() 'clock_date_font = Serif 30'
INFO: 2022-11-15 16:35:12,734: log_options() 'clock_enabled = False'
INFO: 2022-11-15 16:35:12,734: log_options() 'clock_filter = -density 100 -font `fc-match -f '%{file[0]}' '%CLOCK_FONT_NAME'` -pointsize %CLOCK_FONT_SIZE -gravity SouthEast -fill '#00000044' -annotate 0x0+[%HOFFSET+58]+[%VOFFSET+108] '%H:%M' -fill white -annotate 0x0+[%HOFFSET+60]+[%VOFFSET+110] '%H:%M' -font `fc-match -f '%{file[0]}' '%DATE_FONT_NAME'` -pointsize %DATE_FONT_SIZE -fill '#00000044' -annotate 0x0+[%HOFFSET+58]+[%VOFFSET+58] '%A, %B %d' -fill white -annotate 0x0+[%HOFFSET+60]+[%VOFFSET+60] '%A, %B %d''
INFO: 2022-11-15 16:35:12,735: log_options() 'clock_font = Serif 70'
INFO: 2022-11-15 16:35:12,735: log_options() 'configfile = /home/riverside96/.config/variety/variety.conf'
INFO: 2022-11-15 16:35:12,735: log_options() 'copyto_enabled = False'
INFO: 2022-11-15 16:35:12,735: log_options() 'copyto_folder = Default'
INFO: 2022-11-15 16:35:12,735: log_options() 'desired_color = [160, 160, 160]'
INFO: 2022-11-15 16:35:12,735: log_options() 'desired_color_enabled = False'
INFO: 2022-11-15 16:35:12,735: log_options() 'download_folder = /home/riverside96/.config/variety/Downloaded'
INFO: 2022-11-15 16:35:12,735: log_options() 'download_preference_ratio = 0.9'
INFO: 2022-11-15 16:35:12,736: log_options() 'favorites_folder = /home/riverside96/.config/variety/Favorites'
INFO: 2022-11-15 16:35:12,736: log_options() 'favorites_operations = [['Downloaded', 'Copy'], ['Fetched', 'Move'], ['Others', 'Copy']]'
INFO: 2022-11-15 16:35:12,736: log_options() 'fetched_folder = /home/riverside96/.config/variety/Fetched'
INFO: 2022-11-15 16:35:12,736: log_options() 'filters = [[False, 'Keep original', ''], [False, 'Grayscale', '-type Grayscale'], [False, 'Heavy blur', '-scale 20% -blur 0x10 -resize 500%'], [False, 'Soft blur', '-scale 20% -blur 0x2 -resize 500%'], [False, 'Oil painting', '-paint 8'], [False, 'Pointilism', '-spread 10 -noise 3'], [False, 'Pixellate', '-scale 3% -scale 3333%']]'
INFO: 2022-11-15 16:35:12,736: log_options() 'get_wallpaper_script = /home/riverside96/.config/variety/scripts/get_wallpaper_arco'
INFO: 2022-11-15 16:35:12,736: log_options() 'icon = Light'
INFO: 2022-11-15 16:35:12,736: log_options() 'internet_enabled = False'
INFO: 2022-11-15 16:35:12,736: log_options() 'lightness_enabled = False'
INFO: 2022-11-15 16:35:12,736: log_options() 'lightness_mode = 0'
INFO: 2022-11-15 16:35:12,736: log_options() 'min_rating = 4'
INFO: 2022-11-15 16:35:12,736: log_options() 'min_rating_enabled = False'
INFO: 2022-11-15 16:35:12,736: log_options() 'min_size = 80'
INFO: 2022-11-15 16:35:12,736: log_options() 'min_size_enabled = True'
INFO: 2022-11-15 16:35:12,737: log_options() 'quota_enabled = True'
INFO: 2022-11-15 16:35:12,737: log_options() 'quota_size = 1000'
INFO: 2022-11-15 16:35:12,737: log_options() 'quotes_authors = '
INFO: 2022-11-15 16:35:12,737: log_options() 'quotes_bg_color = [80, 80, 80]'
INFO: 2022-11-15 16:35:12,737: log_options() 'quotes_bg_opacity = 55'
INFO: 2022-11-15 16:35:12,737: log_options() 'quotes_change_enabled = False'
INFO: 2022-11-15 16:35:12,737: log_options() 'quotes_change_interval = 300'
INFO: 2022-11-15 16:35:12,737: log_options() 'quotes_disabled_sources = ['Urban Dictionary']'
INFO: 2022-11-15 16:35:12,737: log_options() 'quotes_enabled = False'
INFO: 2022-11-15 16:35:12,737: log_options() 'quotes_favorites_file = /home/riverside96/.config/variety/favorite_quotes.txt'
INFO: 2022-11-15 16:35:12,737: log_options() 'quotes_font = Serif 30'
INFO: 2022-11-15 16:35:12,737: log_options() 'quotes_hpos = 100'
INFO: 2022-11-15 16:35:12,737: log_options() 'quotes_max_length = 250'
INFO: 2022-11-15 16:35:12,738: log_options() 'quotes_tags = '
INFO: 2022-11-15 16:35:12,738: log_options() 'quotes_text_color = [255, 255, 255]'
INFO: 2022-11-15 16:35:12,738: log_options() 'quotes_text_shadow = False'
INFO: 2022-11-15 16:35:12,738: log_options() 'quotes_vpos = 40'
INFO: 2022-11-15 16:35:12,738: log_options() 'quotes_width = 70'
INFO: 2022-11-15 16:35:12,738: log_options() 'safe_mode = False'
INFO: 2022-11-15 16:35:12,738: log_options() 'set_wallpaper_script = /home/riverside96/.config/variety/scripts/set_wallpaper_arco'
INFO: 2022-11-15 16:35:12,738: log_options() 'slideshow_custom_enabled = False'
INFO: 2022-11-15 16:35:12,738: log_options() 'slideshow_custom_folder = /home/riverside96/Pictures'
INFO: 2022-11-15 16:35:12,738: log_options() 'slideshow_downloads_enabled = False'
INFO: 2022-11-15 16:35:12,738: log_options() 'slideshow_fade = 0.4'
INFO: 2022-11-15 16:35:12,738: log_options() 'slideshow_favorites_enabled = True'
INFO: 2022-11-15 16:35:12,738: log_options() 'slideshow_mode = Fullscreen'
INFO: 2022-11-15 16:35:12,738: log_options() 'slideshow_monitor = All'
INFO: 2022-11-15 16:35:12,739: log_options() 'slideshow_pan = 0.05'
INFO: 2022-11-15 16:35:12,739: log_options() 'slideshow_seconds = 6.0'
INFO: 2022-11-15 16:35:12,739: log_options() 'slideshow_sort_order = Random'
INFO: 2022-11-15 16:35:12,739: log_options() 'slideshow_sources_enabled = True'
INFO: 2022-11-15 16:35:12,739: log_options() 'slideshow_zoom = 0.2'
INFO: 2022-11-15 16:35:12,739: log_options() 'smart_enabled = False'
INFO: 2022-11-15 16:35:12,739: log_options() 'smart_notice_shown = False'
INFO: 2022-11-15 16:35:12,739: log_options() 'smart_register_shown = False'
INFO: 2022-11-15 16:35:12,739: log_options() 'sources = [[False, 'favorites', 'The Favorites folder'], [False, 'fetched', 'The Fetched folder'], [False, 'folder', '/usr/share/backgrounds'], [False, 'flickr', 'user:www.flickr.com/photos/peter-levi/;user_id:93647178@N00;'], [False, 'apod', "NASA's Astronomy Picture of the Day"], [False, 'bing', 'Bing Photo of the Day'], [False, 'earthview', 'Google Earth View Wallpapers'], [False, 'natgeo', "National Geographic's photo of the day"], [False, 'unsplash', 'High-resolution photos from Unsplash.com'], [True, 'folder', '/home/riverside96/Pictures/wallpapers/pixelart']]'
INFO: 2022-11-15 16:35:12,739: log_options() 'stats_enabled = True'
INFO: 2022-11-15 16:35:12,739: log_options() 'stats_notice_shown = False'
INFO: 2022-11-15 16:35:12,739: log_options() 'sync_enabled = True'
INFO: 2022-11-15 16:35:12,740: log_options() 'use_landscape_enabled = True'
INFO: 2022-11-15 16:35:12,740: log_options() 'wallhaven_api_key = '
INFO: 2022-11-15 16:35:12,740: log_options() 'wallpaper_auto_rotate = True'
INFO: 2022-11-15 16:35:12,740: log_options() 'wallpaper_display_mode = os'
INFO: 2022-11-15 16:35:12,740: reload_config() 'No need to clear prepared queue'
INFO: 2022-11-15 16:35:12,740: update_indicator() 'Setting file info to: /home/riverside96/Pictures/wallpapers/pixelart/pixelisland.png'
INFO: 2022-11-15 16:35:12,741: prepare_thread() 'Prepared buffer contains 1 images'
INFO: 2022-11-15 16:35:12,742: prepare_thread() 'Preparing some images'
INFO: 2022-11-15 16:35:12,778: prepare_thread() 'After search prepared buffer contains 1 images'
INFO: 2022-11-15 16:35:12,842: do_set_wp() 'Calling do_set_wp with /home/riverside96/Pictures/wallpapers/pixelart/pixelisland.png, time: 1668530112.8421867'
INFO: 2022-11-15 16:35:12,843: apply_auto_rotate() 'ImageMagick auto-rotate cmd: convert /home/riverside96/Pictures/wallpapers/pixelart/pixelisland.png -auto-orient /home/riverside96/.config/variety/wallpaper/wallpaper-auto-rotated-0719ab7ad6762f6ea0cd4e845a1c2a67.jpg'
INFO: 2022-11-15 16:35:12,961: update_indicator() 'Setting file info to: /home/riverside96/Pictures/wallpapers/pixelart/pixelisland.png'
INFO: 2022-11-15 16:35:14,779: trigger_download() 'Triggering download thread to check if download needed and possible'
INFO: 2022-11-15 16:35:15,302: apply() 'Applying preferences'
INFO: 2022-11-15 16:35:15,308: log_options() 'Loaded options:'
INFO: 2022-11-15 16:35:15,309: log_options() 'change_enabled = False'
INFO: 2022-11-15 16:35:15,309: log_options() 'change_interval = 10800'
INFO: 2022-11-15 16:35:15,309: log_options() 'change_on_start = False'
INFO: 2022-11-15 16:35:15,309: log_options() 'clipboard_enabled = False'
INFO: 2022-11-15 16:35:15,309: log_options() 'clipboard_hosts = ['wallhaven.cc', 'wallpapers.net', 'flickr.com', 'imgur.com', 'deviantart.com', 'interfacelift.com', 'vladstudio.com', 'imageshack.us', 'deviantart.net', 'imageshack.com']'
INFO: 2022-11-15 16:35:15,309: log_options() 'clipboard_use_whitelist = True'
INFO: 2022-11-15 16:35:15,309: log_options() 'clock_date_font = Serif 30'
INFO: 2022-11-15 16:35:15,309: log_options() 'clock_enabled = False'
INFO: 2022-11-15 16:35:15,309: log_options() 'clock_filter = -density 100 -font `fc-match -f '%{file[0]}' '%CLOCK_FONT_NAME'` -pointsize %CLOCK_FONT_SIZE -gravity SouthEast -fill '#00000044' -annotate 0x0+[%HOFFSET+58]+[%VOFFSET+108] '%H:%M' -fill white -annotate 0x0+[%HOFFSET+60]+[%VOFFSET+110] '%H:%M' -font `fc-match -f '%{file[0]}' '%DATE_FONT_NAME'` -pointsize %DATE_FONT_SIZE -fill '#00000044' -annotate 0x0+[%HOFFSET+58]+[%VOFFSET+58] '%A, %B %d' -fill white -annotate 0x0+[%HOFFSET+60]+[%VOFFSET+60] '%A, %B %d''
INFO: 2022-11-15 16:35:15,309: log_options() 'clock_font = Serif 70'
INFO: 2022-11-15 16:35:15,309: log_options() 'configfile = /home/riverside96/.config/variety/variety.conf'
INFO: 2022-11-15 16:35:15,309: log_options() 'copyto_enabled = False'
INFO: 2022-11-15 16:35:15,309: log_options() 'copyto_folder = Default'
INFO: 2022-11-15 16:35:15,309: log_options() 'desired_color = [160, 160, 160]'
INFO: 2022-11-15 16:35:15,309: log_options() 'desired_color_enabled = False'
INFO: 2022-11-15 16:35:15,309: log_options() 'download_folder = /home/riverside96/.config/variety/Downloaded'
INFO: 2022-11-15 16:35:15,309: log_options() 'download_preference_ratio = 0.9'
INFO: 2022-11-15 16:35:15,309: log_options() 'favorites_folder = /home/riverside96/.config/variety/Favorites'
INFO: 2022-11-15 16:35:15,309: log_options() 'favorites_operations = [['Downloaded', 'Copy'], ['Fetched', 'Move'], ['Others', 'Copy']]'
INFO: 2022-11-15 16:35:15,309: log_options() 'fetched_folder = /home/riverside96/.config/variety/Fetched'
INFO: 2022-11-15 16:35:15,309: log_options() 'filters = [[False, 'Keep original', ''], [False, 'Grayscale', '-type Grayscale'], [False, 'Heavy blur', '-scale 20% -blur 0x10 -resize 500%'], [False, 'Soft blur', '-scale 20% -blur 0x2 -resize 500%'], [False, 'Oil painting', '-paint 8'], [False, 'Pointilism', '-spread 10 -noise 3'], [False, 'Pixellate', '-scale 3% -scale 3333%']]'
INFO: 2022-11-15 16:35:15,309: log_options() 'get_wallpaper_script = /home/riverside96/.config/variety/scripts/get_wallpaper_arco'
INFO: 2022-11-15 16:35:15,309: log_options() 'icon = Light'
INFO: 2022-11-15 16:35:15,309: log_options() 'internet_enabled = False'
INFO: 2022-11-15 16:35:15,309: log_options() 'lightness_enabled = False'
INFO: 2022-11-15 16:35:15,309: log_options() 'lightness_mode = 0'
INFO: 2022-11-15 16:35:15,309: log_options() 'min_rating = 4'
INFO: 2022-11-15 16:35:15,309: log_options() 'min_rating_enabled = False'
INFO: 2022-11-15 16:35:15,310: log_options() 'min_size = 80'
INFO: 2022-11-15 16:35:15,310: log_options() 'min_size_enabled = True'
INFO: 2022-11-15 16:35:15,310: log_options() 'quota_enabled = True'
INFO: 2022-11-15 16:35:15,310: log_options() 'quota_size = 1000'
INFO: 2022-11-15 16:35:15,310: log_options() 'quotes_authors = '
INFO: 2022-11-15 16:35:15,310: log_options() 'quotes_bg_color = [80, 80, 80]'
INFO: 2022-11-15 16:35:15,310: log_options() 'quotes_bg_opacity = 55'
INFO: 2022-11-15 16:35:15,310: log_options() 'quotes_change_enabled = False'
INFO: 2022-11-15 16:35:15,310: log_options() 'quotes_change_interval = 300'
INFO: 2022-11-15 16:35:15,310: log_options() 'quotes_disabled_sources = ['Urban Dictionary']'
INFO: 2022-11-15 16:35:15,310: log_options() 'quotes_enabled = False'
INFO: 2022-11-15 16:35:15,310: log_options() 'quotes_favorites_file = /home/riverside96/.config/variety/favorite_quotes.txt'
INFO: 2022-11-15 16:35:15,310: log_options() 'quotes_font = Serif 30'
INFO: 2022-11-15 16:35:15,310: log_options() 'quotes_hpos = 100'
INFO: 2022-11-15 16:35:15,310: log_options() 'quotes_max_length = 250'
INFO: 2022-11-15 16:35:15,310: log_options() 'quotes_tags = '
INFO: 2022-11-15 16:35:15,310: log_options() 'quotes_text_color = [255, 255, 255]'
INFO: 2022-11-15 16:35:15,310: log_options() 'quotes_text_shadow = False'
INFO: 2022-11-15 16:35:15,310: log_options() 'quotes_vpos = 40'
INFO: 2022-11-15 16:35:15,310: log_options() 'quotes_width = 70'
INFO: 2022-11-15 16:35:15,310: log_options() 'safe_mode = False'
INFO: 2022-11-15 16:35:15,310: log_options() 'set_wallpaper_script = /home/riverside96/.config/variety/scripts/set_wallpaper_arco'
INFO: 2022-11-15 16:35:15,310: log_options() 'slideshow_custom_enabled = False'
INFO: 2022-11-15 16:35:15,310: log_options() 'slideshow_custom_folder = /home/riverside96/Pictures'
INFO: 2022-11-15 16:35:15,310: log_options() 'slideshow_downloads_enabled = False'
INFO: 2022-11-15 16:35:15,310: log_options() 'slideshow_fade = 0.4'
INFO: 2022-11-15 16:35:15,310: log_options() 'slideshow_favorites_enabled = True'
INFO: 2022-11-15 16:35:15,310: log_options() 'slideshow_mode = Fullscreen'
INFO: 2022-11-15 16:35:15,310: log_options() 'slideshow_monitor = All'
INFO: 2022-11-15 16:35:15,310: log_options() 'slideshow_pan = 0.05'
INFO: 2022-11-15 16:35:15,310: log_options() 'slideshow_seconds = 6.0'
INFO: 2022-11-15 16:35:15,310: log_options() 'slideshow_sort_order = Random'
INFO: 2022-11-15 16:35:15,310: log_options() 'slideshow_sources_enabled = True'
INFO: 2022-11-15 16:35:15,310: log_options() 'slideshow_zoom = 0.2'
INFO: 2022-11-15 16:35:15,311: log_options() 'smart_enabled = False'
INFO: 2022-11-15 16:35:15,311: log_options() 'smart_notice_shown = False'
INFO: 2022-11-15 16:35:15,311: log_options() 'smart_register_shown = False'
INFO: 2022-11-15 16:35:15,311: log_options() 'sources = [[False, 'favorites', 'The Favorites folder'], [False, 'fetched', 'The Fetched folder'], [False, 'folder', '/usr/share/backgrounds'], [False, 'flickr', 'user:www.flickr.com/photos/peter-levi/;user_id:93647178@N00;'], [False, 'apod', "NASA's Astronomy Picture of the Day"], [False, 'bing', 'Bing Photo of the Day'], [False, 'earthview', 'Google Earth View Wallpapers'], [False, 'natgeo', "National Geographic's photo of the day"], [False, 'unsplash', 'High-resolution photos from Unsplash.com'], [True, 'folder', '/home/riverside96/Pictures/wallpapers/pixelart']]'
INFO: 2022-11-15 16:35:15,311: log_options() 'stats_enabled = True'
INFO: 2022-11-15 16:35:15,311: log_options() 'stats_notice_shown = False'
INFO: 2022-11-15 16:35:15,311: log_options() 'sync_enabled = True'
INFO: 2022-11-15 16:35:15,311: log_options() 'use_landscape_enabled = True'
INFO: 2022-11-15 16:35:15,311: log_options() 'wallhaven_api_key = '
INFO: 2022-11-15 16:35:15,311: log_options() 'wallpaper_auto_rotate = True'
INFO: 2022-11-15 16:35:15,311: log_options() 'wallpaper_display_mode = os'
INFO: 2022-11-15 16:35:15,311: reload_config() 'No need to clear prepared queue'
INFO: 2022-11-15 16:35:15,311: update_indicator() 'Setting file info to: /home/riverside96/Pictures/wallpapers/pixelart/pixelisland.png'
INFO: 2022-11-15 16:35:15,312: regular_change_thread() 'regular_change: waiting till user resumes'
INFO: 2022-11-15 16:35:15,312: prepare_thread() 'Prepared buffer contains 1 images'
INFO: 2022-11-15 16:35:15,312: prepare_thread() 'Preparing some images'
INFO: 2022-11-15 16:35:15,332: set_visible() 'Showing indicator icon'
INFO: 2022-11-15 16:35:15,332: set_from_theme_icon() 'Showing indicator icon variety-indicator from GTK theme'
INFO: 2022-11-15 16:35:15,345: prepare_thread() 'After search prepared buffer contains 1 images'
INFO: 2022-11-15 16:35:15,413: do_set_wp() 'Calling do_set_wp with /home/riverside96/Pictures/wallpapers/pixelart/pixelisland.png, time: 1668530115.4129586'
INFO: 2022-11-15 16:35:16,685: apply_auto_rotate() 'ImageMagick auto-rotate cmd: convert /home/riverside96/Pictures/wallpapers/pixelart/pixelisland.png -auto-orient /home/riverside96/.config/variety/wallpaper/wallpaper-auto-rotated-e458ec88cc437bacbe3eb80c5ff9fb16.jpg'
INFO: 2022-11-15 16:35:16,787: update_indicator() 'Setting file info to: /home/riverside96/Pictures/wallpapers/pixelart/pixelisland.png'
INFO: 2022-11-15 16:35:17,346: trigger_download() 'Triggering download thread to check if download needed and possible'
INFO: 2022-11-15 16:35:21,705: trigger_download() 'Triggering download thread to check if download needed and possible'
